#
# There is insufficient memory for the Java Runtime Environment to continue.
# Native memory allocation (mmap) failed to map 106430464 bytes for committing reserved memory.
# Possible reasons:
#   The system is out of physical RAM or swap space
#   In 32 bit mode, the process size limit was hit
# Possible solutions:
#   Reduce memory load on the system
#   Increase physical memory or swap space
#   Check if swap backing store is full
#   Use 64 bit Java on a 64 bit OS
#   Decrease Java heap size (-Xmx/-Xms)
#   Decrease number of Java threads
#   Decrease Java thread stack sizes (-Xss)
#   Set larger code cache with -XX:ReservedCodeCacheSize=
# This output file may be truncated or incomplete.
#
#  Out of Memory Error (os_linux.cpp:2643), pid=59051, tid=0x00007f569c1e3700
#
# JRE version: OpenJDK Runtime Environment (8.0_131-b11) (build 1.8.0_131-8u131-b11-2ubuntu1.16.04.3-b11)
# Java VM: OpenJDK 64-Bit Server VM (25.131-b11 mixed mode linux-amd64 compressed oops)
# Failed to write core dump. Core dumps have been disabled. To enable core dumping, try "ulimit -c unlimited" before starting Java again
#

---------------  T H R E A D  ---------------

Current thread (0x00007f56ac0f8800):  VMThread [stack: 0x00007f569c0e3000,0x00007f569c1e4000] [id=59057]

Stack: [0x00007f569c0e3000,0x00007f569c1e4000],  sp=0x00007f569c1e24a0,  free space=1021k
Native frames: (J=compiled Java code, j=interpreted, Vv=VM code, C=native code)
V  [libjvm.so+0xa6a1bb]
V  [libjvm.so+0x4c5a6c]
V  [libjvm.so+0x8b85a0]
V  [libjvm.so+0x8b2a1e]
V  [libjvm.so+0x92d556]
V  [libjvm.so+0x92e883]
V  [libjvm.so+0x92af33]
V  [libjvm.so+0x923d49]
V  [libjvm.so+0x449933]
V  [libjvm.so+0xa6b749]
V  [libjvm.so+0xa70f57]
V  [libjvm.so+0xa6e727]
V  [libjvm.so+0xa6fbaf]
V  [libjvm.so+0xa700a1]
V  [libjvm.so+0x8b5a82]

VM_Operation (0x00007f56b36ef5f0): CollectForMetadataAllocation, mode: safepoint, requested by thread 0x00007f56ac007800


---------------  P R O C E S S  ---------------

Java Threads: ( => current thread )
  0x00007f56adb05000 JavaThread "H2 File Lock Watchdog /home/bluebottle/eclipse-workspace/shopizer/sm-core/SALESMANAGER-TEST.lock.db" daemon [_thread_blocked, id=59069, stack(0x00007f5694c11000,0x00007f5694d12000)]
  0x00007f56ad0d7800 JavaThread "Abandoned connection cleanup thread" daemon [_thread_blocked, id=59067, stack(0x00007f56962a1000,0x00007f56963a2000)]
  0x00007f56ac138000 JavaThread "Service Thread" daemon [_thread_blocked, id=59063, stack(0x00007f56971fa000,0x00007f56972fb000)]
  0x00007f56ac130000 JavaThread "C1 CompilerThread1" daemon [_thread_blocked, id=59062, stack(0x00007f56972fb000,0x00007f56973fc000)]
  0x00007f56ac12d000 JavaThread "C2 CompilerThread0" daemon [_thread_blocked, id=59061, stack(0x00007f56973fc000,0x00007f56974fd000)]
  0x00007f56ac12b000 JavaThread "Signal Dispatcher" daemon [_thread_blocked, id=59060, stack(0x00007f56974fd000,0x00007f56975fe000)]
  0x00007f56ac104800 JavaThread "Finalizer" daemon [_thread_blocked, id=59059, stack(0x00007f56975fe000,0x00007f56976ff000)]
  0x00007f56ac100000 JavaThread "Reference Handler" daemon [_thread_blocked, id=59058, stack(0x00007f56976ff000,0x00007f5697800000)]
  0x00007f56ac007800 JavaThread "main" [_thread_blocked, id=59054, stack(0x00007f56b35f7000,0x00007f56b36f8000)]

Other Threads:
=>0x00007f56ac0f8800 VMThread [stack: 0x00007f569c0e3000,0x00007f569c1e4000] [id=59057]
  0x00007f56ac139800 WatcherThread [stack: 0x00007f56970f9000,0x00007f56971fa000] [id=59064]

VM state:at safepoint (normal execution)

VM Mutex/Monitor currently owned by a thread:  ([mutex/lock_event])
[0x00007f56ac006330] Threads_lock - owner thread: 0x00007f56ac0f8800
[0x00007f56ac006830] Heap_lock - owner thread: 0x00007f56ac007800

Heap:
 PSYoungGen      total 211968K, used 10225K [0x00000000dbc00000, 0x00000000ea480000, 0x0000000100000000)
  eden space 201728K, 0% used [0x00000000dbc00000,0x00000000dbc00000,0x00000000e8100000)
  from space 10240K, 99% used [0x00000000e9080000,0x00000000e9a7c628,0x00000000e9a80000)
  to   space 4608K, 0% used [0x00000000ea000000,0x00000000ea000000,0x00000000ea480000)
 ParOldGen       total 47104K, used 18073K [0x0000000093400000, 0x0000000096200000, 0x00000000dbc00000)
  object space 47104K, 38% used [0x0000000093400000,0x00000000945a6550,0x0000000096200000)
 Metaspace       used 34740K, capacity 35026K, committed 35416K, reserved 1081344K
  class space    used 4202K, capacity 4288K, committed 4352K, reserved 1048576K

Card table byte_map: [0x00007f56b0186000,0x00007f56b04ed000] byte_map_base: 0x00007f56afcec000

Marking Bits: (ParMarkBitMap*) 0x00007f56b28c22c0
 Begin Bits: [0x00007f568965b000, 0x00007f568b18b000)
 End Bits:   [0x00007f568b18b000, 0x00007f568ccbb000)

Polling page: 0x00007f56b3715000

CodeCache: size=245760Kb used=11054Kb max_used=11054Kb free=234705Kb
 bounds [0x00007f569d000000, 0x00007f569dad0000, 0x00007f56ac000000]
 total_blobs=4017 nmethods=3582 adapters=349
 compilation: enabled

Compilation events (10 events):
Event: 6.848 Thread 0x00007f56ac130000 3606       3       org.h2.value.ValueString::getMemory (13 bytes)
Event: 6.848 Thread 0x00007f56ac130000 nmethod 3606 0x00007f569dacdc50 code [0x00007f569dacddc0, 0x00007f569dace010]
Event: 6.848 Thread 0x00007f56ac130000 3607       3       org.h2.util.HashBase::getIndex (7 bytes)
Event: 6.848 Thread 0x00007f56ac130000 nmethod 3607 0x00007f569dace110 code [0x00007f569dace260, 0x00007f569dace3b0]
Event: 6.849 Thread 0x00007f56ac130000 3608       3       java.lang.Integer::equals (29 bytes)
Event: 6.849 Thread 0x00007f56ac130000 nmethod 3608 0x00007f569dace450 code [0x00007f569dace5c0, 0x00007f569dacea30]
Event: 6.849 Thread 0x00007f56ac130000 3609       3       org.h2.store.Data::readVarIntRest (161 bytes)
Event: 6.849 Thread 0x00007f56ac130000 nmethod 3609 0x00007f569daceb10 code [0x00007f569dacec80, 0x00007f569dacef90]
Event: 6.849 Thread 0x00007f56ac130000 3610       3       org.h2.value.ValueString::equals (30 bytes)
Event: 6.850 Thread 0x00007f56ac130000 nmethod 3610 0x00007f569dacf0d0 code [0x00007f569dacf260, 0x00007f569dacf6e8]

GC Heap History (10 events):
Event: 2.883 GC heap after
Heap after GC invocations=5 (full 0):
 PSYoungGen      total 60928K, used 4590K [0x00000000dbc00000, 0x00000000e3d00000, 0x0000000100000000)
  eden space 56320K, 0% used [0x00000000dbc00000,0x00000000dbc00000,0x00000000df300000)
  from space 4608K, 99% used [0x00000000df300000,0x00000000df77b8a0,0x00000000df780000)
  to   space 9728K, 0% used [0x00000000e3380000,0x00000000e3380000,0x00000000e3d00000)
 ParOldGen       total 75264K, used 7753K [0x0000000093400000, 0x0000000097d80000, 0x00000000dbc00000)
  object space 75264K, 10% used [0x0000000093400000,0x0000000093b92468,0x0000000097d80000)
 Metaspace       used 16132K, capacity 16374K, committed 16640K, reserved 1064960K
  class space    used 1907K, capacity 1969K, committed 2048K, reserved 1048576K
}
Event: 3.185 GC heap before
{Heap before GC invocations=6 (full 0):
 PSYoungGen      total 60928K, used 60910K [0x00000000dbc00000, 0x00000000e3d00000, 0x0000000100000000)
  eden space 56320K, 100% used [0x00000000dbc00000,0x00000000df300000,0x00000000df300000)
  from space 4608K, 99% used [0x00000000df300000,0x00000000df77b8a0,0x00000000df780000)
  to   space 9728K, 0% used [0x00000000e3380000,0x00000000e3380000,0x00000000e3d00000)
 ParOldGen       total 75264K, used 7753K [0x0000000093400000, 0x0000000097d80000, 0x00000000dbc00000)
  object space 75264K, 10% used [0x0000000093400000,0x0000000093b92468,0x0000000097d80000)
 Metaspace       used 17853K, capacity 18056K, committed 18304K, reserved 1064960K
  class space    used 2118K, capacity 2164K, committed 2176K, reserved 1048576K
Event: 3.246 GC heap after
Heap after GC invocations=6 (full 0):
 PSYoungGen      total 121344K, used 7988K [0x00000000dbc00000, 0x00000000e3f00000, 0x0000000100000000)
  eden space 111616K, 0% used [0x00000000dbc00000,0x00000000dbc00000,0x00000000e2900000)
  from space 9728K, 82% used [0x00000000e3380000,0x00000000e3b4d0d8,0x00000000e3d00000)
  to   space 10752K, 0% used [0x00000000e2900000,0x00000000e2900000,0x00000000e3380000)
 ParOldGen       total 75264K, used 7753K [0x0000000093400000, 0x0000000097d80000, 0x00000000dbc00000)
  object space 75264K, 10% used [0x0000000093400000,0x0000000093b92468,0x0000000097d80000)
 Metaspace       used 17853K, capacity 18056K, committed 18304K, reserved 1064960K
  class space    used 2118K, capacity 2164K, committed 2176K, reserved 1048576K
}
Event: 3.497 GC heap before
{Heap before GC invocations=7 (full 0):
 PSYoungGen      total 121344K, used 24566K [0x00000000dbc00000, 0x00000000e3f00000, 0x0000000100000000)
  eden space 111616K, 14% used [0x00000000dbc00000,0x00000000dcc30a98,0x00000000e2900000)
  from space 9728K, 82% used [0x00000000e3380000,0x00000000e3b4d0d8,0x00000000e3d00000)
  to   space 10752K, 0% used [0x00000000e2900000,0x00000000e2900000,0x00000000e3380000)
 ParOldGen       total 75264K, used 7753K [0x0000000093400000, 0x0000000097d80000, 0x00000000dbc00000)
  object space 75264K, 10% used [0x0000000093400000,0x0000000093b92468,0x0000000097d80000)
 Metaspace       used 20813K, capacity 20974K, committed 21248K, reserved 1069056K
  class space    used 2416K, capacity 2453K, committed 2560K, reserved 1048576K
Event: 3.534 GC heap after
Heap after GC invocations=7 (full 0):
 PSYoungGen      total 122368K, used 5149K [0x00000000dbc00000, 0x00000000eaa00000, 0x0000000100000000)
  eden space 111616K, 0% used [0x00000000dbc00000,0x00000000dbc00000,0x00000000e2900000)
  from space 10752K, 47% used [0x00000000e2900000,0x00000000e2e075c0,0x00000000e3380000)
  to   space 10240K, 0% used [0x00000000ea000000,0x00000000ea000000,0x00000000eaa00000)
 ParOldGen       total 75264K, used 9675K [0x0000000093400000, 0x0000000097d80000, 0x00000000dbc00000)
  object space 75264K, 12% used [0x0000000093400000,0x0000000093d72f80,0x0000000097d80000)
 Metaspace       used 20813K, capacity 20974K, committed 21248K, reserved 1069056K
  class space    used 2416K, capacity 2453K, committed 2560K, reserved 1048576K
}
Event: 3.534 GC heap before
{Heap before GC invocations=8 (full 1):
 PSYoungGen      total 122368K, used 5149K [0x00000000dbc00000, 0x00000000eaa00000, 0x0000000100000000)
  eden space 111616K, 0% used [0x00000000dbc00000,0x00000000dbc00000,0x00000000e2900000)
  from space 10752K, 47% used [0x00000000e2900000,0x00000000e2e075c0,0x00000000e3380000)
  to   space 10240K, 0% used [0x00000000ea000000,0x00000000ea000000,0x00000000eaa00000)
 ParOldGen       total 75264K, used 9675K [0x0000000093400000, 0x0000000097d80000, 0x00000000dbc00000)
  object space 75264K, 12% used [0x0000000093400000,0x0000000093d72f80,0x0000000097d80000)
 Metaspace       used 20813K, capacity 20974K, committed 21248K, reserved 1069056K
  class space    used 2416K, capacity 2453K, committed 2560K, reserved 1048576K
Event: 3.595 GC heap after
Heap after GC invocations=8 (full 1):
 PSYoungGen      total 122368K, used 0K [0x00000000dbc00000, 0x00000000eaa00000, 0x0000000100000000)
  eden space 111616K, 0% used [0x00000000dbc00000,0x00000000dbc00000,0x00000000e2900000)
  from space 10752K, 0% used [0x00000000e2900000,0x00000000e2900000,0x00000000e3380000)
  to   space 10240K, 0% used [0x00000000ea000000,0x00000000ea000000,0x00000000eaa00000)
 ParOldGen       total 47104K, used 10122K [0x0000000093400000, 0x0000000096200000, 0x00000000dbc00000)
  object space 47104K, 21% used [0x0000000093400000,0x0000000093de2bb8,0x0000000096200000)
 Metaspace       used 20813K, capacity 20974K, committed 21248K, reserved 1069056K
  class space    used 2416K, capacity 2453K, committed 2560K, reserved 1048576K
}
Event: 4.454 GC heap before
{Heap before GC invocations=9 (full 1):
 PSYoungGen      total 122368K, used 111616K [0x00000000dbc00000, 0x00000000eaa00000, 0x0000000100000000)
  eden space 111616K, 100% used [0x00000000dbc00000,0x00000000e2900000,0x00000000e2900000)
  from space 10752K, 0% used [0x00000000e2900000,0x00000000e2900000,0x00000000e3380000)
  to   space 10240K, 0% used [0x00000000ea000000,0x00000000ea000000,0x00000000eaa00000)
 ParOldGen       total 47104K, used 10122K [0x0000000093400000, 0x0000000096200000, 0x00000000dbc00000)
  object space 47104K, 21% used [0x0000000093400000,0x0000000093de2bb8,0x0000000096200000)
 Metaspace       used 23024K, capacity 23252K, committed 23552K, reserved 1071104K
  class space    used 2692K, capacity 2742K, committed 2816K, reserved 1048576K
Event: 4.469 GC heap after
Heap after GC invocations=9 (full 1):
 PSYoungGen      total 206336K, used 4165K [0x00000000dbc00000, 0x00000000ea480000, 0x0000000100000000)
  eden space 201728K, 0% used [0x00000000dbc00000,0x00000000dbc00000,0x00000000e8100000)
  from space 4608K, 90% used [0x00000000ea000000,0x00000000ea4117a0,0x00000000ea480000)
  to   space 10240K, 0% used [0x00000000e9080000,0x00000000e9080000,0x00000000e9a80000)
 ParOldGen       total 47104K, used 10130K [0x0000000093400000, 0x0000000096200000, 0x00000000dbc00000)
  object space 47104K, 21% used [0x0000000093400000,0x0000000093de4bb8,0x0000000096200000)
 Metaspace       used 23024K, capacity 23252K, committed 23552K, reserved 1071104K
  class space    used 2692K, capacity 2742K, committed 2816K, reserved 1048576K
}
Event: 7.099 GC heap before
{Heap before GC invocations=10 (full 1):
 PSYoungGen      total 206336K, used 176447K [0x00000000dbc00000, 0x00000000ea480000, 0x0000000100000000)
  eden space 201728K, 85% used [0x00000000dbc00000,0x00000000e643e750,0x00000000e8100000)
  from space 4608K, 90% used [0x00000000ea000000,0x00000000ea4117a0,0x00000000ea480000)
  to   space 10240K, 0% used [0x00000000e9080000,0x00000000e9080000,0x00000000e9a80000)
 ParOldGen       total 47104K, used 10130K [0x0000000093400000, 0x0000000096200000, 0x00000000dbc00000)
  object space 47104K, 21% used [0x0000000093400000,0x0000000093de4bb8,0x0000000096200000)
 Metaspace       used 34740K, capacity 35026K, committed 35416K, reserved 1081344K
  class space    used 4202K, capacity 4288K, committed 4352K, reserved 1048576K

Deoptimization events (10 events):
Event: 4.852 Thread 0x00007f56ac007800 Uncommon trap: reason=bimorphic action=maybe_recompile pc=0x00007f569d34a138 method=java.util.HashMap.putVal(ILjava/lang/Object;Ljava/lang/Object;ZZ)Ljava/lang/Object; @ 203
Event: 4.854 Thread 0x00007f56ac007800 Uncommon trap: reason=unstable_if action=reinterpret pc=0x00007f569d4b6ad4 method=java.lang.ThreadLocal$ThreadLocalMap.getEntry(Ljava/lang/ThreadLocal;)Ljava/lang/ThreadLocal$ThreadLocalMap$Entry; @ 29
Event: 4.980 Thread 0x00007f56ac007800 Uncommon trap: reason=unstable_if action=reinterpret pc=0x00007f569d6f3ccc method=java.util.concurrent.ConcurrentHashMap.get(Ljava/lang/Object;)Ljava/lang/Object; @ 152
Event: 4.993 Thread 0x00007f56ac007800 Uncommon trap: reason=bimorphic action=maybe_recompile pc=0x00007f569d34a138 method=java.util.HashMap.putVal(ILjava/lang/Object;Ljava/lang/Object;ZZ)Ljava/lang/Object; @ 203
Event: 5.259 Thread 0x00007f56ac007800 Uncommon trap: reason=predicate action=maybe_recompile pc=0x00007f569d6fb5c4 method=java.lang.String.regionMatches(ZILjava/lang/String;II)Z @ 63
Event: 6.184 Thread 0x00007f56ac007800 Uncommon trap: reason=class_check action=maybe_recompile pc=0x00007f569d705af8 method=java.util.regex.Pattern$Curly.match0(Ljava/util/regex/Matcher;IILjava/lang/CharSequence;)Z @ 170
Event: 6.235 Thread 0x00007f56ac007800 Uncommon trap: reason=unstable_if action=reinterpret pc=0x00007f569d6f4810 method=java.lang.Character.isHighSurrogate(C)Z @ 3
Event: 6.314 Thread 0x00007f56ac007800 Uncommon trap: reason=unstable_if action=reinterpret pc=0x00007f569d7010ac method=sun.nio.cs.US_ASCII$Decoder.decode([BII[C)I @ 27
Event: 6.589 Thread 0x00007f56ac007800 Uncommon trap: reason=class_check action=maybe_recompile pc=0x00007f569daae09c method=java.lang.ClassLoader.loadClass(Ljava/lang/String;Z)Ljava/lang/Class; @ 38
Event: 6.609 Thread 0x00007f56ac007800 Uncommon trap: reason=unstable_if action=reinterpret pc=0x00007f569d645ad4 method=java.lang.ref.SoftReference.get()Ljava/lang/Object; @ 6

Internal exceptions (10 events):
Event: 5.261 Thread 0x00007f56ac007800 Exception <a 'java/lang/ClassNotFoundException': java/lang/ObjectCustomizer> (0x00000000e19a1200) thrown at [/build/openjdk-8-pZyJp3/openjdk-8-8u131-b11/src/hotspot/src/share/vm/classfile/systemDictionary.cpp, line 210]
Event: 5.262 Thread 0x00007f56ac007800 Exception <a 'java/lang/ClassNotFoundException': org/springframework/orm/jpa/vendor/AbstractJpaVendorAdapterCustomizer> (0x00000000e19da510) thrown at [/build/openjdk-8-pZyJp3/openjdk-8-8u131-b11/src/hotspot/src/share/vm/classfile/systemDictionary.cpp, li
Event: 5.263 Thread 0x00007f56ac007800 Exception <a 'java/lang/ClassNotFoundException': org/springframework/orm/jpa/vendor/HibernateJpaVendorAdapterCustomizer> (0x00000000e1a1dab8) thrown at [/build/openjdk-8-pZyJp3/openjdk-8-8u131-b11/src/hotspot/src/share/vm/classfile/systemDictionary.cpp, l
Event: 5.273 Thread 0x00007f56ac007800 Exception <a 'java/lang/ClassNotFoundException': java/lang/ObjectCustomizer> (0x00000000e1a6d4d8) thrown at [/build/openjdk-8-pZyJp3/openjdk-8-8u131-b11/src/hotspot/src/share/vm/classfile/systemDictionary.cpp, line 210]
Event: 5.273 Thread 0x00007f56ac007800 Exception <a 'java/lang/ClassNotFoundException': org/springframework/beans/factory/config/AbstractFactoryBeanCustomizer> (0x00000000e1aa6860) thrown at [/build/openjdk-8-pZyJp3/openjdk-8-8u131-b11/src/hotspot/src/share/vm/classfile/systemDictionary.cpp, l
Event: 5.274 Thread 0x00007f56ac007800 Exception <a 'java/lang/ClassNotFoundException': org/springframework/beans/factory/config/MapFactoryBeanCustomizer> (0x00000000e1ae2540) thrown at [/build/openjdk-8-pZyJp3/openjdk-8-8u131-b11/src/hotspot/src/share/vm/classfile/systemDictionary.cpp, line 2
Event: 5.313 Thread 0x00007f56ac007800 Exception <a 'java/lang/ClassNotFoundException': java/lang/ObjectCustomizer> (0x00000000e1ce5e18) thrown at [/build/openjdk-8-pZyJp3/openjdk-8-8u131-b11/src/hotspot/src/share/vm/classfile/systemDictionary.cpp, line 210]
Event: 5.314 Thread 0x00007f56ac007800 Exception <a 'java/lang/ClassNotFoundException': org/springframework/instrument/classloading/InstrumentationLoadTimeWeaverCustomizer> (0x00000000e1d27600) thrown at [/build/openjdk-8-pZyJp3/openjdk-8-8u131-b11/src/hotspot/src/share/vm/classfile/systemDict
Event: 5.942 Thread 0x00007f56ac007800 Exception <a 'java/lang/NoSuchFieldError': method resolution failed> (0x00000000e32cfed0) thrown at [/build/openjdk-8-pZyJp3/openjdk-8-8u131-b11/src/hotspot/src/share/vm/prims/methodHandles.cpp, line 1146]
Event: 5.944 Thread 0x00007f56ac007800 Exception <a 'java/lang/NoSuchFieldError': method resolution failed> (0x00000000e32dd960) thrown at [/build/openjdk-8-pZyJp3/openjdk-8-8u131-b11/src/hotspot/src/share/vm/prims/methodHandles.cpp, line 1146]

Events (10 events):
Event: 7.000 loading class org/h2/command/Prepared done
Event: 7.001 loading class org/h2/command/dml/NoOperation
Event: 7.001 loading class org/h2/command/dml/NoOperation done
Event: 7.002 loading class org/h2/command/dml/Call
Event: 7.002 loading class org/h2/command/dml/Call done
Event: 7.002 loading class org/h2/command/dml/Query
Event: 7.002 loading class org/h2/command/dml/Query done
Event: 7.003 loading class org/h2/command/dml/TransactionCommand
Event: 7.003 loading class org/h2/command/dml/TransactionCommand done
Event: 7.048 Executing VM operation: CollectForMetadataAllocation


Dynamic libraries:
00400000-00401000 r-xp 00000000 08:01 1287473                            /usr/lib/jvm/java-8-openjdk-amd64/jre/bin/java
00600000-00601000 r--p 00000000 08:01 1287473                            /usr/lib/jvm/java-8-openjdk-amd64/jre/bin/java
00601000-00602000 rw-p 00001000 08:01 1287473                            /usr/lib/jvm/java-8-openjdk-amd64/jre/bin/java
00945000-00966000 rw-p 00000000 00:00 0                                  [heap]
93400000-96200000 rw-p 00000000 00:00 0 
96200000-dbc00000 ---p 00000000 00:00 0 
dbc00000-ea480000 rw-p 00000000 00:00 0 
f0a00000-100000000 ---p 00000000 00:00 0 
100000000-100440000 rw-p 00000000 00:00 0 
100440000-140000000 ---p 00000000 00:00 0 
7f565c000000-7f565c021000 rw-p 00000000 00:00 0 
7f565c021000-7f5660000000 ---p 00000000 00:00 0 
7f5664000000-7f5664021000 rw-p 00000000 00:00 0 
7f5664021000-7f5668000000 ---p 00000000 00:00 0 
7f5668000000-7f56681d1000 rw-p 00000000 00:00 0 
7f56681d1000-7f566c000000 ---p 00000000 00:00 0 
7f566c000000-7f566d0d1000 rw-p 00000000 00:00 0 
7f566d0d1000-7f5670000000 ---p 00000000 00:00 0 
7f5670000000-7f5670021000 rw-p 00000000 00:00 0 
7f5670021000-7f5674000000 ---p 00000000 00:00 0 
7f5674000000-7f5674021000 rw-p 00000000 00:00 0 
7f5674021000-7f5678000000 ---p 00000000 00:00 0 
7f5678000000-7f567a065000 rw-p 00000000 00:00 0 
7f567a065000-7f567c000000 ---p 00000000 00:00 0 
7f567c000000-7f567c021000 rw-p 00000000 00:00 0 
7f567c021000-7f5680000000 ---p 00000000 00:00 0 
7f5680000000-7f5680021000 rw-p 00000000 00:00 0 
7f5680021000-7f5684000000 ---p 00000000 00:00 0 
7f5684000000-7f5684021000 rw-p 00000000 00:00 0 
7f5684021000-7f5688000000 ---p 00000000 00:00 0 
7f56892f5000-7f568ccbb000 rw-p 00000000 00:00 0 
7f5690000000-7f5690021000 rw-p 00000000 00:00 0 
7f5690021000-7f5694000000 ---p 00000000 00:00 0 
7f5694a11000-7f5694a67000 rw-p 00000000 00:00 0 
7f5694a67000-7f5694c11000 ---p 00000000 00:00 0 
7f5694c11000-7f5694c14000 ---p 00000000 00:00 0 
7f5694c14000-7f5694f12000 rw-p 00000000 00:00 0 
7f5694fed000-7f56951ed000 rw-p 00000000 00:00 0 
7f56951ed000-7f56953ed000 rw-p 00000000 00:00 0 
7f56953ed000-7f56955ed000 rw-p 00000000 00:00 0 
7f56955ed000-7f56957ed000 rw-p 00000000 00:00 0 
7f56957ed000-7f56959ed000 rw-p 00000000 00:00 0 
7f5695a84000-7f5695a89000 r--s 0009a000 08:01 1075456                    /usr/lib/jvm/java-8-openjdk-amd64/jre/lib/jsse.jar
7f5695a89000-7f5695c89000 rw-p 00000000 00:00 0 
7f5695c89000-7f5695c9c000 r--s 00346000 08:01 1075493                    /usr/lib/jvm/java-8-openjdk-amd64/jre/lib/resources.jar
7f5695c9c000-7f5695e9c000 rw-p 00000000 00:00 0 
7f5695e9c000-7f569609c000 rw-p 00000000 00:00 0 
7f569609c000-7f569629c000 rw-p 00000000 00:00 0 
7f569629c000-7f56962a1000 r--s 002f9000 08:01 1075497                    /usr/lib/jvm/java-8-openjdk-amd64/jre/lib/charsets.jar
7f56962a1000-7f56962a4000 ---p 00000000 00:00 0 
7f56962a4000-7f56963a2000 rw-p 00000000 00:00 0 
7f56963a2000-7f56963b9000 r-xp 00000000 08:01 1075477                    /usr/lib/jvm/java-8-openjdk-amd64/jre/lib/amd64/libnet.so
7f56963b9000-7f56965b8000 ---p 00017000 08:01 1075477                    /usr/lib/jvm/java-8-openjdk-amd64/jre/lib/amd64/libnet.so
7f56965b8000-7f56965b9000 r--p 00016000 08:01 1075477                    /usr/lib/jvm/java-8-openjdk-amd64/jre/lib/amd64/libnet.so
7f56965b9000-7f56965ba000 rw-p 00017000 08:01 1075477                    /usr/lib/jvm/java-8-openjdk-amd64/jre/lib/amd64/libnet.so
7f56965ba000-7f56965c3000 r-xp 00000000 08:01 1075471                    /usr/lib/jvm/java-8-openjdk-amd64/jre/lib/amd64/libmanagement.so
7f56965c3000-7f56967c2000 ---p 00009000 08:01 1075471                    /usr/lib/jvm/java-8-openjdk-amd64/jre/lib/amd64/libmanagement.so
7f56967c2000-7f56967c3000 r--p 00008000 08:01 1075471                    /usr/lib/jvm/java-8-openjdk-amd64/jre/lib/amd64/libmanagement.so
7f56967c3000-7f56967c4000 rw-p 00009000 08:01 1075471                    /usr/lib/jvm/java-8-openjdk-amd64/jre/lib/amd64/libmanagement.so
7f56967c4000-7f56969c4000 rw-p 00000000 00:00 0 
7f56969c4000-7f56969c6000 r--s 0000f000 08:01 1540016                    /home/bluebottle/.m2/repository/org/apache/maven/surefire/surefire-junit4/2.18.1/surefire-junit4-2.18.1.jar
7f56969c6000-7f56969c8000 r--s 00008000 08:01 1537731                    /home/bluebottle/.m2/repository/javax/el/javax.el-api/2.2.4/javax.el-api-2.2.4.jar
7f56969c8000-7f56969c9000 r--s 00005000 08:01 1537650                    /home/bluebottle/.m2/repository/com/googlecode/json-simple/json-simple/1.1.1/json-simple-1.1.1.jar
7f56969c9000-7f56969cb000 r--s 0000e000 08:01 1537730                    /home/bluebottle/.m2/repository/javax/activation/activation/1.1/activation-1.1.jar
7f56969cb000-7f56969d3000 r--s 00078000 08:01 1537726                    /home/bluebottle/.m2/repository/javax/mail/mail/1.4.7/mail-1.4.7.jar
7f56969d3000-7f56969d7000 r--s 0002e000 08:01 1537725                    /home/bluebottle/.m2/repository/javax/mail/javax.mail-api/1.5.5/javax.mail-api-1.5.5.jar
7f56969d7000-7f56969d9000 r--s 0000e000 08:01 1537724                    /home/bluebottle/.m2/repository/com/twitter/jsr166e/1.1.0/jsr166e-1.1.0.jar
7f56969d9000-7f56969da000 r--s 0000c000 08:01 1537721                    /home/bluebottle/.m2/repository/commons-cli/commons-cli/1.3.1/commons-cli-1.3.1.jar
7f56969da000-7f56969dc000 r--s 00019000 08:01 1537719                    /home/bluebottle/.m2/repository/org/hdrhistogram/HdrHistogram/2.1.6/HdrHistogram-2.1.6.jar
7f56969dc000-7f56969de000 r--s 0000b000 08:01 1537716                    /home/bluebottle/.m2/repository/com/tdunning/t-digest/3.0/t-digest-3.0.jar
7f56969de000-7f56969e0000 r--s 00012000 08:01 1537715                    /home/bluebottle/.m2/repository/com/ning/compress-lzf/1.0.2/compress-lzf-1.0.2.jar
7f56969e0000-7f56969f9000 r--s 00123000 08:01 1537714                    /home/bluebottle/.m2/repository/io/netty/netty/3.10.6.Final/netty-3.10.6.Final.jar
7f56969f9000-7f56969ff000 r--s 0003c000 08:01 1537710                    /home/bluebottle/.m2/repository/org/yaml/snakeyaml/1.16/snakeyaml-1.16.jar
7f56969ff000-7f5696a01000 r--s 0000b000 08:01 1537691                    /home/bluebottle/.m2/repository/com/fasterxml/jackson/dataformat/jackson-dataformat-cbor/2.8.1/jackson-dataformat-cbor-2.8.1.jar
7f5696a01000-7f5696a0a000 r--s 00046000 08:01 1538618                    /home/bluebottle/.m2/repository/com/fasterxml/jackson/dataformat/jackson-dataformat-yaml/2.6.6/jackson-dataformat-yaml-2.6.6.jar
7f5696a0a000-7f5696a0b000 r--s 00011000 08:01 1537705                    /home/bluebottle/.m2/repository/com/fasterxml/jackson/dataformat/jackson-dataformat-smile/2.8.1/jackson-dataformat-smile-2.8.1.jar
7f5696a0b000-7f5696a0d000 r--s 00008000 08:01 1537702                    /home/bluebottle/.m2/repository/org/joda/joda-convert/1.2/joda-convert-1.2.jar
7f5696a0d000-7f5696a1d000 r--s 00088000 08:01 1537701                    /home/bluebottle/.m2/repository/joda-time/joda-time/2.8.2/joda-time-2.8.2.jar
7f5696a1d000-7f5696a34000 r--s 00100000 08:01 1537700                    /home/bluebottle/.m2/repository/com/carrotsearch/hppc/0.7.1/hppc-0.7.1.jar
7f5696a34000-7f5696a35000 r--s 00001000 08:01 1537697                    /home/bluebottle/.m2/repository/org/elasticsearch/securesm/1.0/securesm-1.0.jar
7f5696a35000-7f5696a38000 r--s 00022000 08:01 1537692                    /home/bluebottle/.m2/repository/com/spatial4j/spatial4j/0.5/spatial4j-0.5.jar
7f5696a38000-7f5696a3c000 r--s 0002d000 08:01 1537690                    /home/bluebottle/.m2/repository/org/apache/lucene/lucene-spatial3d/5.5.2/lucene-spatial3d-5.5.2.jar
7f5696a3c000-7f5696a41000 r--s 0003b000 08:01 1537689                    /home/bluebottle/.m2/repository/org/apache/lucene/lucene-spatial/5.5.2/lucene-spatial-5.5.2.jar
7f5696a41000-7f5696a44000 r--s 00018000 08:01 1537687                    /home/bluebottle/.m2/repository/org/apache/lucene/lucene-grouping/5.5.2/lucene-grouping-5.5.2.jar
7f5696a44000-7f5696a48000 r--s 0001e000 08:01 1300183                    /home/bluebottle/.m2/repository/org/apache/lucene/lucene-join/5.5.2/lucene-join-5.5.2.jar
7f5696a48000-7f5696a4c000 r--s 00027000 08:01 1537685                    /home/bluebottle/.m2/repository/org/apache/lucene/lucene-misc/5.5.2/lucene-misc-5.5.2.jar
7f5696a4c000-7f5696a51000 r--s 00038000 08:01 1537682                    /home/bluebottle/.m2/repository/org/apache/lucene/lucene-suggest/5.5.2/lucene-suggest-5.5.2.jar
7f5696a51000-7f5696a55000 r--s 00035000 08:01 1537680                    /home/bluebottle/.m2/repository/org/apache/lucene/lucene-sandbox/5.5.2/lucene-sandbox-5.5.2.jar
7f5696a55000-7f5696a5f000 r--s 00059000 08:01 1537678                    /home/bluebottle/.m2/repository/org/apache/lucene/lucene-queryparser/5.5.2/lucene-queryparser-5.5.2.jar
7f5696a5f000-7f5696a63000 r--s 00020000 08:01 1300188                    /home/bluebottle/.m2/repository/org/apache/lucene/lucene-highlighter/5.5.2/lucene-highlighter-5.5.2.jar
7f5696a63000-7f5696a65000 r--s 00007000 08:01 1300185                    /home/bluebottle/.m2/repository/org/apache/lucene/lucene-memory/5.5.2/lucene-memory-5.5.2.jar
7f5696a65000-7f5696a6c000 r--s 00037000 08:01 1300184                    /home/bluebottle/.m2/repository/org/apache/lucene/lucene-queries/5.5.2/lucene-queries-5.5.2.jar
7f5696a6c000-7f5696a7e000 r--s 0016f000 08:01 1300181                    /home/bluebottle/.m2/repository/org/apache/lucene/lucene-analyzers-common/5.5.2/lucene-analyzers-common-5.5.2.jar
7f5696a7e000-7f5696a86000 r--s 00062000 08:01 1300179                    /home/bluebottle/.m2/repository/org/apache/lucene/lucene-backward-codecs/5.5.2/lucene-backward-codecs-5.5.2.jar
7f5696a86000-7f5696aae000 r--s 0021b000 08:01 806952                     /home/bluebottle/.m2/repository/org/apache/lucene/lucene-core/5.5.2/lucene-core-5.5.2.jar
7f5696aae000-7f5696b60000 r--s 0085a000 08:01 1537677                    /home/bluebottle/.m2/repository/org/elasticsearch/elasticsearch/2.4.1/elasticsearch-2.4.1.jar
7f5696b60000-7f5696b70000 r--s 00085000 08:01 1537676                    /home/bluebottle/.m2/repository/com/mchange/mchange-commons-java/0.2.11/mchange-commons-java-0.2.11.jar
7f5696b70000-7f5696b77000 r--s 00073000 08:01 1537674                    /home/bluebottle/.m2/repository/com/mchange/c3p0/0.9.5.2/c3p0-0.9.5.2.jar
7f5696b77000-7f5696c4e000 r--s 007aa000 08:01 1537670                    /home/bluebottle/.m2/repository/net/sf/ehcache/ehcache/2.10.2/ehcache-2.10.2.jar
7f5696c4e000-7f5696c57000 r--s 000e9000 08:01 1537667                    /home/bluebottle/.m2/repository/mysql/mysql-connector-java/5.1.40/mysql-connector-java-5.1.40.jar
7f5696c57000-7f5696c5f000 r--s 0006e000 08:01 806988                     /home/bluebottle/.m2/repository/org/apache/commons/commons-lang3/3.5/commons-lang3-3.5.jar
7f5696c5f000-7f5696c63000 r--s 0000c000 08:01 1537666                    /home/bluebottle/.m2/repository/javax/validation/validation-api/1.1.0.Final/validation-api-1.1.0.Final.jar
7f5696c63000-7f5696c64000 r--s 00000000 08:01 1537662                    /home/bluebottle/.m2/repository/javax/inject/javax.inject/1/javax.inject-1.jar
7f5696c64000-7f5696c67000 r--s 00006000 08:01 1539606                    /home/bluebottle/.m2/repository/com/google/code/findbugs/jsr305/1.3.9/jsr305-1.3.9.jar
7f5696c67000-7f5696c6e000 r--s 0003f000 08:01 1539602                    /home/bluebottle/.m2/repository/com/google/http-client/google-http-client/1.21.0/google-http-client-1.21.0.jar
7f5696c6e000-7f5696c70000 r--s 00004000 08:01 1539600                    /home/bluebottle/.m2/repository/com/maxmind/db/maxmind-db/1.2.1/maxmind-db-1.2.1.jar
7f5696c70000-7f5696c72000 r--s 00009000 08:01 1539599                    /home/bluebottle/.m2/repository/com/maxmind/geoip2/geoip2/2.7.0/geoip2-2.7.0.jar
7f5696c72000-7f5696ca5000 r--s 002a0000 08:01 1539596                    /home/bluebottle/.m2/repository/org/jopendocument/jOpenDocument/1.3b1/jOpenDocument-1.3b1.jar
7f5696ca5000-7f5696cbd000 r--s 00212000 08:01 1539594                    /home/bluebottle/.m2/repository/com/itextpdf/itextpdf/5.5.6/itextpdf-5.5.6.jar
7f5696cbd000-7f5696cc1000 r--s 00020000 08:01 1539593                    /home/bluebottle/.m2/repository/com/stripe/stripe-java/1.33.0/stripe-java-1.33.0.jar
7f5696cc1000-7f5696cc5000 r--s 0001b000 08:01 1539591                    /home/bluebottle/.m2/repository/com/paypal/sdk/paypal-core/1.5.1/paypal-core-1.5.1.jar
7f5696cc5000-7f5696cd0000 r--s 0008a000 08:01 1539589                    /home/bluebottle/.m2/repository/com/paypal/sdk/merchantsdk/2.6.109/merchantsdk-2.6.109.jar
7f5696cd0000-7f5696cd7000 r--s 0003a000 08:01 1300285                    /home/bluebottle/.m2/repository/commons-codec/commons-codec/1.9/commons-codec-1.9.jar
7f5696cd7000-7f5696cde000 r--s 00049000 08:01 1538763                    /home/bluebottle/.m2/repository/org/apache/httpcomponents/httpcore/4.4.4/httpcore-4.4.4.jar
7f5696cde000-7f5696ceb000 r--s 000a7000 08:01 1538765                    /home/bluebottle/.m2/repository/org/apache/httpcomponents/httpclient/4.5.2/httpclient-4.5.2.jar
7f5696ceb000-7f5696cf0000 r--s 00027000 08:01 1539587                    /home/bluebottle/.m2/repository/org/springframework/spring-context-support/4.2.6.RELEASE/spring-context-support-4.2.6.RELEASE.jar
7f5696cf0000-7f5696d08000 r--s 00132000 08:01 1539584                    /home/bluebottle/.m2/repository/org/freemarker/freemarker/2.3.23/freemarker-2.3.23.jar
7f5696d08000-7f5696d0a000 r--s 0000e000 08:01 1539582                    /home/bluebottle/.m2/repository/commons-logging/commons-logging/1.2/commons-logging-1.2.jar
7f5696d0a000-7f5696d10000 r--s 0002b000 08:01 1539196                    /home/bluebottle/.m2/repository/commons-digester/commons-digester/2.1/commons-digester-2.1.jar
7f5696d10000-7f5696d15000 r--s 00035000 08:01 1539198                    /home/bluebottle/.m2/repository/commons-beanutils/commons-beanutils/1.9.2/commons-beanutils-1.9.2.jar
7f5696d15000-7f5696d18000 r--s 00029000 08:01 1539557                    /home/bluebottle/.m2/repository/commons-validator/commons-validator/1.5.1/commons-validator-1.5.1.jar
7f5696d18000-7f5696d1b000 r--s 0000a000 08:01 1537659                    /home/bluebottle/.m2/repository/com/fasterxml/jackson/core/jackson-annotations/2.7.4/jackson-annotations-2.7.4.jar
7f5696d1b000-7f5696d1e000 r--s 0003b000 08:01 1537668                    /home/bluebottle/.m2/repository/com/fasterxml/jackson/core/jackson-core/2.7.4/jackson-core-2.7.4.jar
7f5696d1e000-7f5696d2f000 r--s 00115000 08:01 1537660                    /home/bluebottle/.m2/repository/com/fasterxml/jackson/core/jackson-databind/2.7.4/jackson-databind-2.7.4.jar
7f5696d2f000-7f5696d3c000 r--s 00088000 08:01 1076245                    /home/bluebottle/.m2/repository/org/apache/commons/commons-collections4/4.0/commons-collections4-4.0.jar
7f5696d3c000-7f5696d4a000 r--s 001a1000 08:01 1539581                    /home/bluebottle/.m2/repository/com/h2database/h2/1.4.191/h2-1.4.191.jar
7f5696d4a000-7f5696d58000 r--s 0007c000 08:01 1539577                    /home/bluebottle/.m2/repository/org/springframework/spring-test/4.2.6.RELEASE/spring-test-4.2.6.RELEASE.jar
7f5696d58000-7f5696d59000 r--s 0000c000 08:01 1539575                    /home/bluebottle/.m2/repository/org/hamcrest/hamcrest-library/1.3/hamcrest-library-1.3.jar
7f5696d59000-7f5696d5b000 r--s 00009000 08:01 1537654                    /home/bluebottle/.m2/repository/org/hamcrest/hamcrest-core/1.3/hamcrest-core-1.3.jar
7f5696d5b000-7f5696d5d000 r--s 00009000 08:01 1539572                    /home/bluebottle/.m2/repository/org/objenesis/objenesis/2.1/objenesis-2.1.jar
7f5696d5d000-7f5696d79000 r--s 00103000 08:01 1539571                    /home/bluebottle/.m2/repository/org/mockito/mockito-core/1.10.19/mockito-core-1.10.19.jar
7f5696d79000-7f5696d81000 r--s 00045000 08:01 1076094                    /home/bluebottle/.m2/repository/junit/junit/4.12/junit-4.12.jar
7f5696d81000-7f5696d82000 r--s 00000000 08:01 1539570                    /home/bluebottle/.m2/repository/org/springframework/boot/spring-boot-starter-test/1.3.5.RELEASE/spring-boot-starter-test-1.3.5.RELEASE.jar
7f5696d82000-7f5696d84000 r--s 00010000 08:01 1539569                    /home/bluebottle/.m2/repository/org/infinispan/infinispan-tree/6.0.2.Final/infinispan-tree-6.0.2.Final.jar
7f5696d84000-7f5696d87000 r--s 00020000 08:01 1539565                    /home/bluebottle/.m2/repository/org/infinispan/infinispan-cachestore-jdbc/6.0.2.Final/infinispan-cachestore-jdbc-6.0.2.Final.jar
7f5696d87000-7f5696d89000 r--s 0000f000 08:01 1537648                    /home/bluebottle/.m2/repository/org/jboss/logging/jboss-logging/3.3.0.Final/jboss-logging-3.3.0.Final.jar
7f5696d89000-7f5696d8e000 r--s 00030000 08:01 1539562                    /home/bluebottle/.m2/repository/org/jboss/marshalling/jboss-marshalling/1.4.4.Final/jboss-marshalling-1.4.4.Final.jar
7f5696d8e000-7f5696d91000 r--s 00012000 08:01 1539561                    /home/bluebottle/.m2/repository/org/jboss/marshalling/jboss-marshalling-river/1.4.4.Final/jboss-marshalling-river-1.4.4.Final.jar
7f5696d91000-7f5696d93000 r--s 00005000 08:01 1539558                    /home/bluebottle/.m2/repository/org/jboss/spec/javax/transaction/jboss-transaction-api_1.1_spec/1.0.1.Final/jboss-transaction-api_1.1_spec-1.0.1.Final.jar
7f5696d93000-7f5696daa000 r--s 001ed000 08:01 1539556                    /home/bluebottle/.m2/repository/org/jgroups/jgroups/3.4.1.Final/jgroups-3.4.1.Final.jar
7f5696daa000-7f5696db4000 r--s 00067000 08:01 1539554                    /home/bluebottle/.m2/repository/org/infinispan/infinispan-commons/6.0.2.Final/infinispan-commons-6.0.2.Final.jar
7f5696db4000-7f5696dd6000 r--s 001cb000 08:01 1539552                    /home/bluebottle/.m2/repository/org/infinispan/infinispan-core/6.0.2.Final/infinispan-core-6.0.2.Final.jar
7f5696dd6000-7f5696dd8000 r--s 00009000 08:01 1300177                    /home/bluebottle/.m2/repository/org/slf4j/slf4j-api/1.7.21/slf4j-api-1.7.21.jar
7f5696dd8000-7f5696dda000 r--s 00005000 08:01 1539240                    /home/bluebottle/.m2/repository/xpp3/xpp3_min/1.1.4c/xpp3_min-1.1.4c.jar
7f5696dda000-7f5696ddb000 r--s 00001000 08:01 1539237                    /home/bluebottle/.m2/repository/xmlpull/xmlpull/1.1.3.1/xmlpull-1.1.3.1.jar
7f5696ddb000-7f5696de8000 r--s 0006d000 08:01 1539235                    /home/bluebottle/.m2/repository/com/thoughtworks/xstream/xstream/1.4.1/xstream-1.4.1.jar
7f5696de8000-7f5696df5000 r--s 000a6000 08:01 1537636                    /home/bluebottle/.m2/repository/org/springframework/spring-beans/4.2.6.RELEASE/spring-beans-4.2.6.RELEASE.jar
7f5696df5000-7f5696e0b000 r--s 000f6000 08:01 1537638                    /home/bluebottle/.m2/repository/org/springframework/spring-core/4.2.6.RELEASE/spring-core-4.2.6.RELEASE.jar
7f5696e0b000-7f5696e0d000 r--s 00005000 08:01 1539184                    /home/bluebottle/.m2/repository/stax/stax-api/1.0.1/stax-api-1.0.1.jar
7f5696e0d000-7f5696e4a000 r--s 0024f000 08:01 1300325                    /home/bluebottle/.m2/repository/org/apache/xmlbeans/xmlbeans/2.3.0/xmlbeans-2.3.0.jar
7f5696e4a000-7f5696ede000 r--s 00401000 08:01 1300324                    /home/bluebottle/.m2/repository/org/apache/poi/poi-ooxml-schemas/3.9/poi-ooxml-schemas-3.9.jar
7f5696ede000-7f5696efe000 r--s 001a9000 08:01 1300319                    /home/bluebottle/.m2/repository/org/apache/poi/poi/3.9/poi-3.9.jar
7f5696efe000-7f5696f0a000 r--s 000d9000 08:01 1300317                    /home/bluebottle/.m2/repository/org/apache/poi/poi-ooxml/3.9/poi-ooxml-3.9.jar
7f5696f0a000-7f5696f0c000 r--s 0000c000 08:01 1539232                    /home/bluebottle/.m2/repository/org/drools/drools-templates/5.6.0.Final/drools-templates-5.6.0.Final.jar
7f5696f0c000-7f5696f0e000 r--s 0000d000 08:01 1539231                    /home/bluebottle/.m2/repository/org/drools/drools-decisiontables/5.6.0.Final/drools-decisiontables-5.6.0.Final.jar
7f5696f0e000-7f5696f1c000 r--s 0018b000 08:01 1539228                    /home/bluebottle/.m2/repository/org/eclipse/jdt/core/compiler/ecj/3.5.1/ecj-3.5.1.jar
7f5696f1c000-7f5696f21000 r--s 00068000 08:01 1537608                    /home/bluebottle/.m2/repository/antlr/antlr/2.7.7/antlr-2.7.7.jar
7f5696f21000-7f5696f24000 r--s 00022000 08:01 1539225                    /home/bluebottle/.m2/repository/org/antlr/stringtemplate/3.2.1/stringtemplate-3.2.1.jar
7f5696f24000-7f5696f2d000 r--s 000d3000 08:01 1539224                    /home/bluebottle/.m2/repository/org/antlr/antlr/3.3/antlr-3.3.jar
7f5696f2d000-7f5696f30000 r--s 00025000 08:01 1539223                    /home/bluebottle/.m2/repository/org/antlr/antlr-runtime/3.3/antlr-runtime-3.3.jar
7f5696f30000-7f5696f43000 r--s 00115000 08:01 1539219                    /home/bluebottle/.m2/repository/org/drools/drools-compiler/5.6.0.Final/drools-compiler-5.6.0.Final.jar
7f5696f43000-7f5696f45000 r--s 00001000 08:01 1539217                    /home/bluebottle/.m2/repository/org/drools/knowledge-internal-api/5.6.0.Final/knowledge-internal-api-5.6.0.Final.jar
7f5696f45000-7f5696f51000 r--s 000ab000 08:01 1539215                    /home/bluebottle/.m2/repository/org/mvel/mvel2/2.1.8.Final/mvel2-2.1.8.Final.jar
7f5696f51000-7f5696f81000 r--s 002b7000 08:01 1539214                    /home/bluebottle/.m2/repository/org/drools/drools-core/5.6.0.Final/drools-core-5.6.0.Final.jar
7f5696f81000-7f5696f89000 r--s 00026000 08:01 1539211                    /home/bluebottle/.m2/repository/org/drools/knowledge-api/5.6.0.Final/knowledge-api-5.6.0.Final.jar
7f5696f89000-7f5696f8c000 r--s 00015000 08:01 1539210                    /home/bluebottle/.m2/repository/org/drools/drools-spring/5.6.0.Final/drools-spring-5.6.0.Final.jar
7f5696f8c000-7f5696f8e000 r--s 0000a000 08:01 1539334                    /home/bluebottle/.m2/repository/javax/ws/rs/jsr311-api/1.1.1/jsr311-api-1.1.1.jar
7f5696f8e000-7f5696fb0000 r--s 0016b000 08:01 1539332                    /home/bluebottle/.m2/repository/com/sun/jersey/jersey-bundle/1.19/jersey-bundle-1.19.jar
7f5696fb0000-7f5696fb3000 r--s 0000f000 08:01 1075719                    /home/bluebottle/eclipse-workspace/shopizer/shopizer-canadapost/target/shopizer-shipping-canadapost-module-2.0.5-SNAPSHOT.jar
7f5696fb3000-7f5696fb4000 r--s 0000c000 08:01 1539208                    /home/bluebottle/.m2/repository/com/squareup/okio/okio/1.0.0/okio-1.0.0.jar
7f5696fb4000-7f5696fb8000 r--s 0003c000 08:01 1539207                    /home/bluebottle/.m2/repository/com/squareup/okhttp/okhttp/2.0.0/okhttp-2.0.0.jar
7f5696fb8000-7f5696fbb000 r--s 00011000 08:01 1539202                    /home/bluebottle/.m2/repository/com/google/maps/google-maps-services/0.1.6/google-maps-services-0.1.6.jar
7f5696fbb000-7f5696fbf000 r--s 0002f000 08:01 1539201                    /home/bluebottle/.m2/repository/commons-beanutils/commons-beanutils-core/1.8.0/commons-beanutils-core-1.8.0.jar
7f5696fbf000-7f5696fc3000 r--s 0003c000 08:01 1539192                    /home/bluebottle/.m2/repository/commons-lang/commons-lang/2.4/commons-lang-2.4.jar
7f5696fc3000-7f5696fc9000 r--s 00043000 08:01 1539191                    /home/bluebottle/.m2/repository/commons-configuration/commons-configuration/1.6/commons-configuration-1.6.jar
7f5696fc9000-7f5696fd3000 r--s 0005c000 08:01 1539183                    /home/bluebottle/.m2/repository/javax/servlet/jstl/1.2/jstl-1.2.jar
7f5696fd3000-7f5696fd4000 r--s 00001000 08:01 1084254                    /home/bluebottle/eclipse-workspace/shopizer/shopizer-shipping-distance-module/target/shopizer-shipping-distance-processor-2.0.5-SNAPSHOT.jar
7f5696fd4000-7f5696fdb000 r--s 00050000 08:01 1300283                    /home/bluebottle/.m2/repository/org/apache/httpcomponents/httpcore-nio/4.4.4/httpcore-nio-4.4.4.jar
7f5696fdb000-7f5696fe0000 r--s 0002f000 08:01 1539203                    /home/bluebottle/.m2/repository/com/google/code/gson/gson/2.3.1/gson-2.3.1.jar
7f5696fe0000-7f569700c000 r--s 00208000 08:01 1538758                    /home/bluebottle/.m2/repository/com/google/guava/guava/19.0/guava-19.0.jar
7f569700c000-7f5697010000 r--s 00028000 08:01 1538756                    /home/bluebottle/.m2/repository/org/apache/httpcomponents/httpasyncclient/4.1.1/httpasyncclient-4.1.1.jar
7f5697010000-7f5697018000 r--s 00035000 08:01 1538755                    /home/bluebottle/.m2/repository/io/searchbox/jest-common/2.0.3/jest-common-2.0.3.jar
7f5697018000-7f569701a000 r--s 00004000 08:01 1538753                    /home/bluebottle/.m2/repository/io/searchbox/jest/2.0.3/jest-2.0.3.jar
7f569701a000-7f5697023000 r--s 0006f000 08:01 1538746                    /home/bluebottle/.m2/repository/log4j/log4j/1.2.17/log4j-1.2.17.jar
7f5697023000-7f5697025000 r--s 00004000 08:01 1537585                    /home/bluebottle/.m2/repository/org/slf4j/log4j-over-slf4j/1.7.21/log4j-over-slf4j-1.7.21.jar
7f5697025000-7f5697029000 r--s 00019000 08:01 1539550                    /home/bluebottle/.m2/repository/org/aspectj/aspectjrt/1.8.9/aspectjrt-1.8.9.jar
7f5697029000-7f569702b000 r--s 00000000 08:01 1537592                    /home/bluebottle/.m2/repository/aopalliance/aopalliance/1.0/aopalliance-1.0.jar
7f569702b000-7f5697034000 r--s 00052000 08:01 1537591                    /home/bluebottle/.m2/repository/org/springframework/spring-aop/4.2.6.RELEASE/spring-aop-4.2.6.RELEASE.jar
7f5697034000-7f569704d000 r--s 000f3000 08:01 1537637                    /home/bluebottle/.m2/repository/org/springframework/spring-context/4.2.6.RELEASE/spring-context-4.2.6.RELEASE.jar
7f569704d000-7f569704f000 r--s 0000b000 08:01 1076663                    /home/bluebottle/eclipse-workspace/shopizer/sm-search/target/sm-search-2.0.5-SNAPSHOT.jar
7f569704f000-7f5697051000 r--s 00002000 08:01 815458                     /home/bluebottle/eclipse-workspace/shopizer/sm-core-modules/target/sm-core-modules-2.0.5-SNAPSHOT.jar
7f5697051000-7f5697054000 r--s 0000f000 08:01 1537657                    /home/bluebottle/.m2/repository/commons-fileupload/commons-fileupload/1.3.2/commons-fileupload-1.3.2.jar
7f5697054000-7f5697058000 r--s 0002f000 08:01 1537655                    /home/bluebottle/.m2/repository/commons-io/commons-io/2.5/commons-io-2.5.jar
7f5697058000-7f569705a000 r--s 0000e000 08:01 1538616                    /home/bluebottle/.m2/repository/com/fasterxml/classmate/1.1.0/classmate-1.1.0.jar
7f569705a000-7f569706a000 r--s 0009c000 08:01 1538614                    /home/bluebottle/.m2/repository/org/hibernate/hibernate-validator/5.2.4.Final/hibernate-validator-5.2.4.Final.jar
7f569706a000-7f569707b000 r--s 000ab000 08:01 1537642                    /home/bluebottle/.m2/repository/org/springframework/spring-web/4.2.6.RELEASE/spring-web-4.2.6.RELEASE.jar
7f569707b000-7f5697080000 r--s 0003c000 08:01 1537641                    /home/bluebottle/.m2/repository/org/springframework/spring-expression/4.2.6.RELEASE/spring-expression-4.2.6.RELEASE.jar
7f5697080000-7f5697091000 r--s 000c6000 08:01 1537632                    /home/bluebottle/.m2/repository/org/springframework/spring-webmvc/4.2.6.RELEASE/spring-webmvc-4.2.6.RELEASE.jar
7f5697091000-7f5697094000 r--s 0000c000 08:01 1537630                    /home/bluebottle/.m2/repository/org/springframework/spring-aspects/4.2.6.RELEASE/spring-aspects-4.2.6.RELEASE.jar
7f5697094000-7f569709b000 r--s 0003a000 08:01 1537626                    /home/bluebottle/.m2/repository/org/springframework/spring-tx/4.2.6.RELEASE/spring-tx-4.2.6.RELEASE.jar
7f569709b000-7f56970f9000 r--s 004ac000 08:01 1537607                    /home/bluebottle/.m2/repository/org/hibernate/hibernate-core/4.3.11.Final/hibernate-core-4.3.11.Final.jar
7f56970f9000-7f56970fa000 ---p 00000000 00:00 0 
7f56970fa000-7f56971fa000 rw-p 00000000 00:00 0 
7f56971fa000-7f56971fd000 ---p 00000000 00:00 0 
7f56971fd000-7f56972fb000 rw-p 00000000 00:00 0 
7f56972fb000-7f56972fe000 ---p 00000000 00:00 0 
7f56972fe000-7f56973fc000 rw-p 00000000 00:00 0 
7f56973fc000-7f56973ff000 ---p 00000000 00:00 0 
7f56973ff000-7f56974fd000 rw-p 00000000 00:00 0 
7f56974fd000-7f5697500000 ---p 00000000 00:00 0 
7f5697500000-7f56975fe000 rw-p 00000000 00:00 0 
7f56975fe000-7f5697601000 ---p 00000000 00:00 0 
7f5697601000-7f56976ff000 rw-p 00000000 00:00 0 
7f56976ff000-7f5697702000 ---p 00000000 00:00 0 
7f5697702000-7f5698000000 rw-p 00000000 00:00 0 
7f5698000000-7f5698021000 rw-p 00000000 00:00 0 
7f5698021000-7f569c000000 ---p 00000000 00:00 0 
7f569c000000-7f569c002000 r--s 00003000 08:01 1537628                    /home/bluebottle/.m2/repository/org/slf4j/jcl-over-slf4j/1.7.21/jcl-over-slf4j-1.7.21.jar
7f569c002000-7f569c00c000 r--s 00068000 08:01 1537579                    /home/bluebottle/.m2/repository/org/springframework/spring-orm/4.2.6.RELEASE/spring-orm-4.2.6.RELEASE.jar
7f569c00c000-7f569c01b000 r--s 0008d000 08:01 1076092                    /home/bluebottle/.m2/repository/org/springframework/data/spring-data-commons/1.11.4.RELEASE/spring-data-commons-1.11.4.RELEASE.jar
7f569c01b000-7f569c021000 r--s 00039000 08:01 806948                     /home/bluebottle/.m2/repository/org/springframework/data/spring-data-jpa/1.9.4.RELEASE/spring-data-jpa-1.9.4.RELEASE.jar
7f569c021000-7f569c023000 r--s 00006000 08:01 1537622                    /home/bluebottle/.m2/repository/javax/transaction/javax.transaction-api/1.2/javax.transaction-api-1.2.jar
7f569c023000-7f569c02d000 r--s 000a5000 08:01 1537621                    /home/bluebottle/.m2/repository/org/javassist/javassist/3.18.1-GA/javassist-3.18.1-GA.jar
7f569c02d000-7f569c032000 r--s 00017000 08:01 1537620                    /home/bluebottle/.m2/repository/org/hibernate/javax/persistence/hibernate-jpa-2.1-api/1.0.0.Final/hibernate-jpa-2.1-api-1.0.0.Final.jar
7f569c032000-7f569c035000 r--s 00010000 08:01 1537617                    /home/bluebottle/.m2/repository/org/hibernate/common/hibernate-commons-annotations/4.0.5.Final/hibernate-commons-annotations-4.0.5.Final.jar
7f569c035000-7f569c03a000 r--s 00016000 08:01 1537614                    /home/bluebottle/.m2/repository/xml-apis/xml-apis/1.0.b2/xml-apis-1.0.b2.jar
7f569c03a000-7f569c03f000 r--s 00048000 08:01 1537613                    /home/bluebottle/.m2/repository/dom4j/dom4j/1.6.1/dom4j-1.6.1.jar
7f569c03f000-7f569c041000 r--s 00011000 08:01 1537611                    /home/bluebottle/.m2/repository/org/jboss/jandex/1.1.0.Final/jandex-1.1.0.Final.jar
7f569c041000-7f569c042000 r--s 00002000 08:01 1537604                    /home/bluebottle/.m2/repository/org/jboss/logging/jboss-logging-annotations/1.2.0.Beta1/jboss-logging-annotations-1.2.0.Beta1.jar
7f569c042000-7f569c050000 r--s 00091000 08:01 1537603                    /home/bluebottle/.m2/repository/org/hibernate/hibernate-entitymanager/4.3.11.Final/hibernate-entitymanager-4.3.11.Final.jar
7f569c050000-7f569c05a000 r--s 0005e000 08:01 1537601                    /home/bluebottle/.m2/repository/org/springframework/spring-jdbc/4.2.6.RELEASE/spring-jdbc-4.2.6.RELEASE.jar
7f569c05a000-7f569c05b000 r--s 00009000 08:01 1537599                    /home/bluebottle/.m2/repository/org/apache/tomcat/tomcat-juli/8.0.33/tomcat-juli-8.0.33.jar
7f569c05b000-7f569c05e000 r--s 0001f000 08:01 1537597                    /home/bluebottle/.m2/repository/org/apache/tomcat/tomcat-jdbc/8.0.33/tomcat-jdbc-8.0.33.jar
7f569c05e000-7f569c077000 r--s 001af000 08:01 1537594                    /home/bluebottle/.m2/repository/org/aspectj/aspectjweaver/1.8.9/aspectjweaver-1.8.9.jar
7f569c077000-7f569c081000 r--s 00069000 08:01 1537581                    /home/bluebottle/.m2/repository/ch/qos/logback/logback-core/1.1.7/logback-core-1.1.7.jar
7f569c081000-7f569c088000 r--s 00044000 08:01 1537580                    /home/bluebottle/.m2/repository/ch/qos/logback/logback-classic/1.1.7/logback-classic-1.1.7.jar
7f569c088000-7f569c0a0000 r--s 000a2000 08:01 1537574                    /home/bluebottle/.m2/repository/org/springframework/boot/spring-boot-autoconfigure/1.3.5.RELEASE/spring-boot-autoconfigure-1.3.5.RELEASE.jar
7f569c0a0000-7f569c0ad000 r--s 00079000 08:01 1537572                    /home/bluebottle/.m2/repository/org/springframework/boot/spring-boot/1.3.5.RELEASE/spring-boot-1.3.5.RELEASE.jar
7f569c0ad000-7f569c0c8000 r--s 001d6000 08:01 1075447                    /usr/lib/jvm/java-8-openjdk-amd64/jre/lib/ext/nashorn.jar
7f569c0c8000-7f569c0e3000 r--s 00394000 08:01 1075431                    /usr/lib/jvm/java-8-openjdk-amd64/jre/lib/ext/cldrdata.jar
7f569c0e3000-7f569c0e4000 ---p 00000000 00:00 0 
7f569c0e4000-7f569caed000 rw-p 00000000 00:00 0 
7f569caed000-7f569ccbb000 r--s 03c13000 08:01 1054357                    /usr/lib/jvm/java-8-openjdk-amd64/jre/lib/rt.jar
7f569ccbb000-7f569ccbc000 ---p 00000000 00:00 0 
7f569ccbc000-7f569cdd3000 rw-p 00000000 00:00 0 
7f569cdd3000-7f569d000000 ---p 00000000 00:00 0 
7f569d000000-7f569dad0000 rwxp 00000000 00:00 0 
7f569dad0000-7f56ac000000 ---p 00000000 00:00 0 
7f56ac000000-7f56adb58000 rw-p 00000000 00:00 0 
7f56adb58000-7f56b0000000 ---p 00000000 00:00 0 
7f56b0000000-7f56b0001000 r--s 00000000 08:01 1537595                    /home/bluebottle/.m2/repository/org/springframework/boot/spring-boot-starter-jdbc/1.3.5.RELEASE/spring-boot-starter-jdbc-1.3.5.RELEASE.jar
7f56b0001000-7f56b0002000 r--s 00000000 08:01 1537588                    /home/bluebottle/.m2/repository/org/springframework/boot/spring-boot-starter-aop/1.3.5.RELEASE/spring-boot-starter-aop-1.3.5.RELEASE.jar
7f56b0002000-7f56b0004000 r--s 00000000 08:01 1537582                    /home/bluebottle/.m2/repository/org/slf4j/jul-to-slf4j/1.7.21/jul-to-slf4j-1.7.21.jar
7f56b0004000-7f56b000a000 r--s 00030000 08:01 815852                     /home/bluebottle/eclipse-workspace/shopizer/sm-core-model/target/sm-core-model-2.0.5-SNAPSHOT.jar
7f56b000a000-7f56b000f000 r--s 00020000 08:01 1538391                    /home/bluebottle/.m2/repository/org/apache/maven/surefire/surefire-api/2.18.1/surefire-api-2.18.1.jar
7f56b000f000-7f56b0085000 rw-p 00000000 00:00 0 
7f56b0085000-7f56b0086000 ---p 00000000 00:00 0 
7f56b0086000-7f56b019d000 rw-p 00000000 00:00 0 
7f56b019d000-7f56b03ca000 ---p 00000000 00:00 0 
7f56b03ca000-7f56b043f000 rw-p 00000000 00:00 0 
7f56b043f000-7f56b04ec000 ---p 00000000 00:00 0 
7f56b04ec000-7f56b0519000 rw-p 00000000 00:00 0 
7f56b0519000-7f56b08ad000 ---p 00000000 00:00 0 
7f56b08ad000-7f56b08b5000 r-xp 00000000 08:01 1075468                    /usr/lib/jvm/java-8-openjdk-amd64/jre/lib/amd64/libzip.so
7f56b08b5000-7f56b0ab4000 ---p 00008000 08:01 1075468                    /usr/lib/jvm/java-8-openjdk-amd64/jre/lib/amd64/libzip.so
7f56b0ab4000-7f56b0ab5000 r--p 00007000 08:01 1075468                    /usr/lib/jvm/java-8-openjdk-amd64/jre/lib/amd64/libzip.so
7f56b0ab5000-7f56b0ab6000 rw-p 00008000 08:01 1075468                    /usr/lib/jvm/java-8-openjdk-amd64/jre/lib/amd64/libzip.so
7f56b0ab6000-7f56b0ae3000 r-xp 00000000 08:01 1075483                    /usr/lib/jvm/java-8-openjdk-amd64/jre/lib/amd64/libjava.so
7f56b0ae3000-7f56b0ce2000 ---p 0002d000 08:01 1075483                    /usr/lib/jvm/java-8-openjdk-amd64/jre/lib/amd64/libjava.so
7f56b0ce2000-7f56b0ce3000 r--p 0002c000 08:01 1075483                    /usr/lib/jvm/java-8-openjdk-amd64/jre/lib/amd64/libjava.so
7f56b0ce3000-7f56b0ce5000 rw-p 0002d000 08:01 1075483                    /usr/lib/jvm/java-8-openjdk-amd64/jre/lib/amd64/libjava.so
7f56b0ce5000-7f56b0cf4000 r-xp 00000000 08:01 1075464                    /usr/lib/jvm/java-8-openjdk-amd64/jre/lib/amd64/libverify.so
7f56b0cf4000-7f56b0ef3000 ---p 0000f000 08:01 1075464                    /usr/lib/jvm/java-8-openjdk-amd64/jre/lib/amd64/libverify.so
7f56b0ef3000-7f56b0ef5000 r--p 0000e000 08:01 1075464                    /usr/lib/jvm/java-8-openjdk-amd64/jre/lib/amd64/libverify.so
7f56b0ef5000-7f56b0ef6000 rw-p 00010000 08:01 1075464                    /usr/lib/jvm/java-8-openjdk-amd64/jre/lib/amd64/libverify.so
7f56b0ef6000-7f56b0efd000 r-xp 00000000 08:01 2050                       /lib/x86_64-linux-gnu/librt-2.23.so
7f56b0efd000-7f56b10fc000 ---p 00007000 08:01 2050                       /lib/x86_64-linux-gnu/librt-2.23.so
7f56b10fc000-7f56b10fd000 r--p 00006000 08:01 2050                       /lib/x86_64-linux-gnu/librt-2.23.so
7f56b10fd000-7f56b10fe000 rw-p 00007000 08:01 2050                       /lib/x86_64-linux-gnu/librt-2.23.so
7f56b10fe000-7f56b1114000 r-xp 00000000 08:01 2039                       /lib/x86_64-linux-gnu/libgcc_s.so.1
7f56b1114000-7f56b1313000 ---p 00016000 08:01 2039                       /lib/x86_64-linux-gnu/libgcc_s.so.1
7f56b1313000-7f56b1314000 rw-p 00015000 08:01 2039                       /lib/x86_64-linux-gnu/libgcc_s.so.1
7f56b1314000-7f56b141c000 r-xp 00000000 08:01 2067                       /lib/x86_64-linux-gnu/libm-2.23.so
7f56b141c000-7f56b161b000 ---p 00108000 08:01 2067                       /lib/x86_64-linux-gnu/libm-2.23.so
7f56b161b000-7f56b161c000 r--p 00107000 08:01 2067                       /lib/x86_64-linux-gnu/libm-2.23.so
7f56b161c000-7f56b161d000 rw-p 00108000 08:01 2067                       /lib/x86_64-linux-gnu/libm-2.23.so
7f56b161d000-7f56b178f000 r-xp 00000000 08:01 25844                      /usr/lib/x86_64-linux-gnu/libstdc++.so.6.0.21
7f56b178f000-7f56b198f000 ---p 00172000 08:01 25844                      /usr/lib/x86_64-linux-gnu/libstdc++.so.6.0.21
7f56b198f000-7f56b1999000 r--p 00172000 08:01 25844                      /usr/lib/x86_64-linux-gnu/libstdc++.so.6.0.21
7f56b1999000-7f56b199b000 rw-p 0017c000 08:01 25844                      /usr/lib/x86_64-linux-gnu/libstdc++.so.6.0.21
7f56b199b000-7f56b199f000 rw-p 00000000 00:00 0 
7f56b199f000-7f56b25f3000 r-xp 00000000 08:01 1287443                    /usr/lib/jvm/java-8-openjdk-amd64/jre/lib/amd64/server/libjvm.so
7f56b25f3000-7f56b27f3000 ---p 00c54000 08:01 1287443                    /usr/lib/jvm/java-8-openjdk-amd64/jre/lib/amd64/server/libjvm.so
7f56b27f3000-7f56b2886000 r--p 00c54000 08:01 1287443                    /usr/lib/jvm/java-8-openjdk-amd64/jre/lib/amd64/server/libjvm.so
7f56b2886000-7f56b28af000 rw-p 00ce7000 08:01 1287443                    /usr/lib/jvm/java-8-openjdk-amd64/jre/lib/amd64/server/libjvm.so
7f56b28af000-7f56b28df000 rw-p 00000000 00:00 0 
7f56b28df000-7f56b28f7000 r-xp 00000000 08:01 2047                       /lib/x86_64-linux-gnu/libpthread-2.23.so
7f56b28f7000-7f56b2af6000 ---p 00018000 08:01 2047                       /lib/x86_64-linux-gnu/libpthread-2.23.so
7f56b2af6000-7f56b2af7000 r--p 00017000 08:01 2047                       /lib/x86_64-linux-gnu/libpthread-2.23.so
7f56b2af7000-7f56b2af8000 rw-p 00018000 08:01 2047                       /lib/x86_64-linux-gnu/libpthread-2.23.so
7f56b2af8000-7f56b2afc000 rw-p 00000000 00:00 0 
7f56b2afc000-7f56b2aff000 r-xp 00000000 08:01 2053                       /lib/x86_64-linux-gnu/libdl-2.23.so
7f56b2aff000-7f56b2cfe000 ---p 00003000 08:01 2053                       /lib/x86_64-linux-gnu/libdl-2.23.so
7f56b2cfe000-7f56b2cff000 r--p 00002000 08:01 2053                       /lib/x86_64-linux-gnu/libdl-2.23.so
7f56b2cff000-7f56b2d00000 rw-p 00003000 08:01 2053                       /lib/x86_64-linux-gnu/libdl-2.23.so
7f56b2d00000-7f56b2d19000 r-xp 00000000 08:01 2193                       /lib/x86_64-linux-gnu/libz.so.1.2.8
7f56b2d19000-7f56b2f18000 ---p 00019000 08:01 2193                       /lib/x86_64-linux-gnu/libz.so.1.2.8
7f56b2f18000-7f56b2f19000 r--p 00018000 08:01 2193                       /lib/x86_64-linux-gnu/libz.so.1.2.8
7f56b2f19000-7f56b2f1a000 rw-p 00019000 08:01 2193                       /lib/x86_64-linux-gnu/libz.so.1.2.8
7f56b2f1a000-7f56b30da000 r-xp 00000000 08:01 2072                       /lib/x86_64-linux-gnu/libc-2.23.so
7f56b30da000-7f56b32da000 ---p 001c0000 08:01 2072                       /lib/x86_64-linux-gnu/libc-2.23.so
7f56b32da000-7f56b32de000 r--p 001c0000 08:01 2072                       /lib/x86_64-linux-gnu/libc-2.23.so
7f56b32de000-7f56b32e0000 rw-p 001c4000 08:01 2072                       /lib/x86_64-linux-gnu/libc-2.23.so
7f56b32e0000-7f56b32e4000 rw-p 00000000 00:00 0 
7f56b32e4000-7f56b32f1000 r-xp 00000000 08:01 1075462                    /usr/lib/jvm/java-8-openjdk-amd64/jre/lib/amd64/jli/libjli.so
7f56b32f1000-7f56b34f1000 ---p 0000d000 08:01 1075462                    /usr/lib/jvm/java-8-openjdk-amd64/jre/lib/amd64/jli/libjli.so
7f56b34f1000-7f56b34f2000 r--p 0000d000 08:01 1075462                    /usr/lib/jvm/java-8-openjdk-amd64/jre/lib/amd64/jli/libjli.so
7f56b34f2000-7f56b34f3000 rw-p 0000e000 08:01 1075462                    /usr/lib/jvm/java-8-openjdk-amd64/jre/lib/amd64/jli/libjli.so
7f56b34f3000-7f56b3519000 r-xp 00000000 08:01 2042                       /lib/x86_64-linux-gnu/ld-2.23.so
7f56b3519000-7f56b351a000 r--s 00000000 08:01 1537576                    /home/bluebottle/.m2/repository/org/springframework/boot/spring-boot-starter-logging/1.3.5.RELEASE/spring-boot-starter-logging-1.3.5.RELEASE.jar
7f56b351a000-7f56b351b000 r--s 00000000 08:01 1537570                    /home/bluebottle/.m2/repository/org/springframework/boot/spring-boot-starter/1.3.5.RELEASE/spring-boot-starter-1.3.5.RELEASE.jar
7f56b351b000-7f56b351c000 r--s 00000000 08:01 806946                     /home/bluebottle/.m2/repository/org/springframework/boot/spring-boot-starter-data-jpa/1.3.5.RELEASE/spring-boot-starter-data-jpa-1.3.5.RELEASE.jar
7f56b351c000-7f56b351e000 r--s 00008000 08:01 1538383                    /home/bluebottle/.m2/repository/org/apache/maven/surefire/surefire-booter/2.18.1/surefire-booter-2.18.1.jar
7f56b351e000-7f56b351f000 r--s 00004000 08:01 1084707                    /home/bluebottle/eclipse-workspace/shopizer/sm-core/target/surefire/surefirebooter5267111030359330490.jar
7f56b351f000-7f56b3520000 r--s 00010000 08:01 1075455                    /usr/lib/jvm/java-8-openjdk-amd64/jre/lib/ext/zipfs.jar
7f56b3520000-7f56b3522000 r--s 00008000 08:01 1075454                    /usr/lib/jvm/java-8-openjdk-amd64/jre/lib/ext/sunec.jar
7f56b3522000-7f56b352c000 r--s 00116000 08:01 1075448                    /usr/lib/jvm/java-8-openjdk-amd64/jre/lib/ext/localedata.jar
7f56b352c000-7f56b35f7000 rw-p 00000000 00:00 0 
7f56b35f7000-7f56b35fa000 ---p 00000000 00:00 0 
7f56b35fa000-7f56b36fd000 rw-p 00000000 00:00 0 
7f56b36fd000-7f56b36ff000 r--s 00001000 08:01 1075450                    /usr/lib/jvm/java-8-openjdk-amd64/jre/lib/ext/dnsns.jar
7f56b36ff000-7f56b3700000 r--s 0000a000 08:01 1075451                    /usr/lib/jvm/java-8-openjdk-amd64/jre/lib/ext/jaccess.jar
7f56b3700000-7f56b3704000 r--s 00037000 08:01 1075449                    /usr/lib/jvm/java-8-openjdk-amd64/jre/lib/ext/sunpkcs11.jar
7f56b3704000-7f56b3709000 r--s 0003b000 08:01 1075452                    /usr/lib/jvm/java-8-openjdk-amd64/jre/lib/ext/sunjce_provider.jar
7f56b3709000-7f56b370c000 r--s 0000f000 08:01 1075453                    /usr/lib/jvm/java-8-openjdk-amd64/jre/lib/ext/icedtea-sound.jar
7f56b370c000-7f56b3714000 rw-s 00000000 08:01 10416                      /tmp/hsperfdata_bluebottle/59051
7f56b3714000-7f56b3715000 rw-p 00000000 00:00 0 
7f56b3715000-7f56b3716000 ---p 00000000 00:00 0 
7f56b3716000-7f56b3718000 rw-p 00000000 00:00 0 
7f56b3718000-7f56b3719000 r--p 00025000 08:01 2042                       /lib/x86_64-linux-gnu/ld-2.23.so
7f56b3719000-7f56b371a000 rw-p 00026000 08:01 2042                       /lib/x86_64-linux-gnu/ld-2.23.so
7f56b371a000-7f56b371b000 rw-p 00000000 00:00 0 
7ffd516f7000-7ffd51718000 rw-p 00000000 00:00 0                          [stack]
7ffd517c5000-7ffd517c7000 r--p 00000000 00:00 0                          [vvar]
7ffd517c7000-7ffd517c9000 r-xp 00000000 00:00 0                          [vdso]
ffffffffff600000-ffffffffff601000 r-xp 00000000 00:00 0                  [vsyscall]

VM Arguments:
java_command: /home/bluebottle/eclipse-workspace/shopizer/sm-core/target/surefire/surefirebooter5267111030359330490.jar /home/bluebottle/eclipse-workspace/shopizer/sm-core/target/surefire/surefire403937249235389548tmp /home/bluebottle/eclipse-workspace/shopizer/sm-core/target/surefire/surefire_08463722098509437617tmp
java_class_path (initial): /home/bluebottle/eclipse-workspace/shopizer/sm-core/target/surefire/surefirebooter5267111030359330490.jar
Launcher Type: SUN_STANDARD

Environment Variables:
PATH=/bin:/usr/bin:/usr/X11R6/bin:/usr/local/bin
SHELL=/bin/bash
DISPLAY=:13.0

Signal Handlers:
SIGSEGV: [libjvm.so+0xa6ad10], sa_mask[0]=11111111011111111101111111111110, sa_flags=SA_RESTART|SA_SIGINFO
SIGBUS: [libjvm.so+0xa6ad10], sa_mask[0]=11111111011111111101111111111110, sa_flags=SA_RESTART|SA_SIGINFO
SIGFPE: [libjvm.so+0x8b3bc0], sa_mask[0]=11111111011111111101111111111110, sa_flags=SA_RESTART|SA_SIGINFO
SIGPIPE: [libjvm.so+0x8b3bc0], sa_mask[0]=11111111011111111101111111111110, sa_flags=SA_RESTART|SA_SIGINFO
SIGXFSZ: [libjvm.so+0x8b3bc0], sa_mask[0]=11111111011111111101111111111110, sa_flags=SA_RESTART|SA_SIGINFO
SIGILL: [libjvm.so+0x8b3bc0], sa_mask[0]=11111111011111111101111111111110, sa_flags=SA_RESTART|SA_SIGINFO
SIGUSR1: SIG_DFL, sa_mask[0]=00000000000000000000000000000000, sa_flags=none
SIGUSR2: [libjvm.so+0x8b3a70], sa_mask[0]=00100000000000000000000000000000, sa_flags=SA_RESTART|SA_SIGINFO
SIGHUP: [libjvm.so+0x8b3f40], sa_mask[0]=11111111011111111101111111111110, sa_flags=SA_RESTART|SA_SIGINFO
SIGINT: [libjvm.so+0x8b3f40], sa_mask[0]=11111111011111111101111111111110, sa_flags=SA_RESTART|SA_SIGINFO
SIGTERM: [libjvm.so+0x8b3f40], sa_mask[0]=11111111011111111101111111111110, sa_flags=SA_RESTART|SA_SIGINFO
SIGQUIT: [libjvm.so+0x8b3f40], sa_mask[0]=11111111011111111101111111111110, sa_flags=SA_RESTART|SA_SIGINFO


---------------  S Y S T E M  ---------------

OS:DISTRIB_ID=Ubuntu
DISTRIB_RELEASE=16.04
DISTRIB_CODENAME=xenial
DISTRIB_DESCRIPTION="Ubuntu 16.04.3 LTS"

uname:Linux 4.4.0-92-generic #115-Ubuntu SMP Thu Aug 10 09:04:33 UTC 2017 x86_64
libc:glibc 2.23 NPTL 2.23 
rlimit: STACK 8192k, CORE 0k, NPROC 27661, NOFILE 4096, AS infinity
load average:2.66 0.95 0.60

/proc/meminfo:
MemTotal:        7125432 kB
MemFree:          146040 kB
MemAvailable:      49408 kB
Buffers:             556 kB
Cached:           335888 kB
SwapCached:            0 kB
Active:          6299340 kB
Inactive:         326036 kB
Active(anon):    6293000 kB
Inactive(anon):   317628 kB
Active(file):       6340 kB
Inactive(file):     8408 kB
Unevictable:        3692 kB
Mlocked:            3692 kB
SwapTotal:             0 kB
SwapFree:              0 kB
Dirty:                44 kB
Writeback:             0 kB
AnonPages:       6292720 kB
Mapped:           260136 kB
Shmem:            319176 kB
Slab:             158988 kB
SReclaimable:      78528 kB
SUnreclaim:        80460 kB
KernelStack:       20304 kB
PageTables:        72096 kB
NFS_Unstable:          0 kB
Bounce:                0 kB
WritebackTmp:          0 kB
CommitLimit:     3562716 kB
Committed_AS:   12702796 kB
VmallocTotal:   34359738367 kB
VmallocUsed:           0 kB
VmallocChunk:          0 kB
HardwareCorrupted:     0 kB
AnonHugePages:   3708928 kB
CmaTotal:              0 kB
CmaFree:               0 kB
HugePages_Total:       0
HugePages_Free:        0
HugePages_Rsvd:        0
HugePages_Surp:        0
Hugepagesize:       2048 kB
DirectMap4k:      163776 kB
DirectMap2M:     5079040 kB
DirectMap1G:     2097152 kB


CPU:total 2 (initial active 2) (2 cores per cpu, 1 threads per core) family 6 model 63 stepping 2, cmov, cx8, fxsr, mmx, sse, sse2, sse3, ssse3, sse4.1, sse4.2, popcnt, avx, avx2, aes, clmul, erms, lzcnt, tsc, bmi1, bmi2

/proc/cpuinfo:
processor	: 0
vendor_id	: GenuineIntel
cpu family	: 6
model		: 63
model name	: Intel(R) Xeon(R) CPU E5-2673 v3 @ 2.40GHz
stepping	: 2
microcode	: 0xffffffff
cpu MHz		: 2397.215
cache size	: 30720 KB
physical id	: 0
siblings	: 2
core id		: 0
cpu cores	: 2
apicid		: 0
initial apicid	: 0
fpu		: yes
fpu_exception	: yes
cpuid level	: 15
wp		: yes
flags		: fpu vme de pse tsc msr pae mce cx8 apic sep mtrr pge mca cmov pat pse36 clflush mmx fxsr sse sse2 ss ht syscall nx pdpe1gb rdtscp lm constant_tsc rep_good nopl xtopology eagerfpu pni pclmulqdq ssse3 fma cx16 sse4_1 sse4_2 movbe popcnt aes xsave avx f16c rdrand hypervisor lahf_lm abm fsgsbase bmi1 avx2 smep bmi2 erms xsaveopt
bugs		:
bogomips	: 4794.43
clflush size	: 64
cache_alignment	: 64
address sizes	: 44 bits physical, 48 bits virtual
power management:

processor	: 1
vendor_id	: GenuineIntel
cpu family	: 6
model		: 63
model name	: Intel(R) Xeon(R) CPU E5-2673 v3 @ 2.40GHz
stepping	: 2
microcode	: 0xffffffff
cpu MHz		: 2397.215
cache size	: 30720 KB
physical id	: 0
siblings	: 2
core id		: 1
cpu cores	: 2
apicid		: 1
initial apicid	: 1
fpu		: yes
fpu_exception	: yes
cpuid level	: 15
wp		: yes
flags		: fpu vme de pse tsc msr pae mce cx8 apic sep mtrr pge mca cmov pat pse36 clflush mmx fxsr sse sse2 ss ht syscall nx pdpe1gb rdtscp lm constant_tsc rep_good nopl xtopology eagerfpu pni pclmulqdq ssse3 fma cx16 sse4_1 sse4_2 movbe popcnt aes xsave avx f16c rdrand hypervisor lahf_lm abm fsgsbase bmi1 avx2 smep bmi2 erms xsaveopt
bugs		:
bogomips	: 4794.43
clflush size	: 64
cache_alignment	: 64
address sizes	: 44 bits physical, 48 bits virtual
power management:



Memory: 4k page, physical 7125432k(146032k free), swap 0k(0k free)

vm_info: OpenJDK 64-Bit Server VM (25.131-b11) for linux-amd64 JRE (1.8.0_131-8u131-b11-2ubuntu1.16.04.3-b11), built on Jul 28 2017 01:23:32 by "buildd" with gcc 5.4.0 20160609

time: Sun Aug 27 23:38:43 2017
elapsed time: 13 seconds (0d 0h 0m 13s)

