-encoding
UTF-8
-outxml
-source
1.6
-target
1.6
-classpath
/Users/carlsamson/.m2/repository/antlr/antlr/2.7.7/antlr-2.7.7.jar:/Users/carlsamson/.m2/repository/aopalliance/aopalliance/1.0/aopalliance-1.0.jar:/Users/carlsamson/.m2/repository/asm/asm/3.1/asm-3.1.jar:/Users/carlsamson/.m2/repository/backport-util-concurrent/backport-util-concurrent/3.1/backport-util-concurrent-3.1.jar:/Users/carlsamson/.m2/repository/c3p0/c3p0/0.9.1.2/c3p0-0.9.1.2.jar:/Users/carlsamson/.m2/repository/cglib/cglib/2.2/cglib-2.2.jar:/Users/carlsamson/.m2/repository/com/fasterxml/jackson/core/jackson-annotations/2.2.3/jackson-annotations-2.2.3.jar:/Users/carlsamson/.m2/repository/com/fasterxml/jackson/core/jackson-core/2.2.3/jackson-core-2.2.3.jar:/Users/carlsamson/.m2/repository/com/fasterxml/jackson/core/jackson-databind/2.2.3/jackson-databind-2.2.3.jar:/Users/carlsamson/.m2/repository/com/google/code/findbugs/jsr305/1.3.9/jsr305-1.3.9.jar:/Users/carlsamson/.m2/repository/com/google/code/gson/gson/2.2.2/gson-2.2.2.jar:/Users/carlsamson/.m2/repository/com/google/guava/guava/14.0/guava-14.0.jar:/Users/carlsamson/.m2/repository/com/google/http-client/google-http-client/1.17.0-rc/google-http-client-1.17.0-rc.jar:/Users/carlsamson/.m2/repository/com/googlecode/json-simple/json-simple/1.1.1/json-simple-1.1.1.jar:/Users/carlsamson/.m2/repository/com/h2database/h2/1.3.152/h2-1.3.152.jar:/Users/carlsamson/.m2/repository/com/infradna/tool/bridge-method-annotation/1.11/bridge-method-annotation-1.11.jar:/Users/carlsamson/.m2/repository/com/lowagie/itext/4.2.1/itext-4.2.1.jar:/Users/carlsamson/.m2/repository/com/maxmind/db/maxmind-db/0.3.1/maxmind-db-0.3.1.jar:/Users/carlsamson/.m2/repository/com/maxmind/geoip2/geoip2/0.7.0/geoip2-0.7.0.jar:/Users/carlsamson/.m2/repository/com/mysema/commons/mysema-commons-lang/0.2.4/mysema-commons-lang-0.2.4.jar:/Users/carlsamson/.m2/repository/com/mysema/querydsl/querydsl-core/3.4.2/querydsl-core-3.4.2.jar:/Users/carlsamson/.m2/repository/com/mysema/querydsl/querydsl-jpa/3.4.2/querydsl-jpa-3.4.2.jar:/Users/carlsamson/.m2/repository/com/paypal/sdk/merchantsdk/2.6.109/merchantsdk-2.6.109.jar:/Users/carlsamson/.m2/repository/com/paypal/sdk/paypal-core/1.5.1/paypal-core-1.5.1.jar:/Users/carlsamson/Documents/dev/workspaces/shopizer-2.0.1a/shopizer/sm-core/target/sm-core-2.0.1-SNAPSHOT.jar:/Users/carlsamson/Documents/dev/workspaces/shopizer-2.0.1a/shopizer/sm-core-model/target/sm-core-model-2.0.1-SNAPSHOT.jar:/Users/carlsamson/Documents/dev/workspaces/shopizer-2.0.1a/shopizer/sm-core-modules/target/sm-core-modules-2.0.1-SNAPSHOT.jar:/Users/carlsamson/.m2/repository/com/shopizer/sm-search/0.0.3/sm-search-0.0.3.jar:/Users/carlsamson/.m2/repository/com/sleepycat/je/4.0.92/je-4.0.92.jar:/Users/carlsamson/.m2/repository/com/spatial4j/spatial4j/0.3/spatial4j-0.3.jar:/Users/carlsamson/.m2/repository/com/sun/xml/bind/jaxb-impl/2.1.3/jaxb-impl-2.1.3.jar:/Users/carlsamson/.m2/repository/commons-beanutils/commons-beanutils/1.8.3/commons-beanutils-1.8.3.jar:/Users/carlsamson/.m2/repository/commons-beanutils/commons-beanutils-core/1.8.0/commons-beanutils-core-1.8.0.jar:/Users/carlsamson/.m2/repository/commons-codec/commons-codec/1.2/commons-codec-1.2.jar:/Users/carlsamson/.m2/repository/commons-collections/commons-collections/3.2.1/commons-collections-3.2.1.jar:/Users/carlsamson/.m2/repository/commons-configuration/commons-configuration/1.6/commons-configuration-1.6.jar:/Users/carlsamson/.m2/repository/commons-digester/commons-digester/1.8/commons-digester-1.8.jar:/Users/carlsamson/.m2/repository/commons-fileupload/commons-fileupload/1.2.2/commons-fileupload-1.2.2.jar:/Users/carlsamson/.m2/repository/commons-httpclient/commons-httpclient/3.1/commons-httpclient-3.1.jar:/Users/carlsamson/.m2/repository/commons-io/commons-io/2.0.1/commons-io-2.0.1.jar:/Users/carlsamson/.m2/repository/commons-lang/commons-lang/2.6/commons-lang-2.6.jar:/Users/carlsamson/.m2/repository/commons-logging/commons-logging/1.1.1/commons-logging-1.1.1.jar:/Users/carlsamson/.m2/repository/commons-logging/commons-logging-api/1.1/commons-logging-api-1.1.jar:/Users/carlsamson/.m2/repository/commons-validator/commons-validator/1.4.0/commons-validator-1.4.0.jar:/Users/carlsamson/.m2/repository/dom4j/dom4j/1.6.1/dom4j-1.6.1.jar:/Users/carlsamson/.m2/repository/javassist/javassist/3.3/javassist-3.3.jar:/Users/carlsamson/.m2/repository/javax/activation/activation/1.1/activation-1.1.jar:/Users/carlsamson/.m2/repository/javax/annotation/jsr250-api/1.0/jsr250-api-1.0.jar:/Users/carlsamson/.m2/repository/javax/inject/javax.inject/1/javax.inject-1.jar:/Users/carlsamson/.m2/repository/javax/mail/mail/1.4.5/mail-1.4.5.jar:/Users/carlsamson/.m2/repository/javax/servlet/jstl/1.2/jstl-1.2.jar:/Users/carlsamson/.m2/repository/javax/servlet/servlet-api/2.5/servlet-api-2.5.jar:/Users/carlsamson/.m2/repository/javax/servlet/jsp/jsp-api/2.1/jsp-api-2.1.jar:/Users/carlsamson/.m2/repository/javax/servlet/jsp/jstl/jstl-api/1.2/jstl-api-1.2.jar:/Users/carlsamson/.m2/repository/javax/transaction/jta/1.1/jta-1.1.jar:/Users/carlsamson/.m2/repository/javax/validation/validation-api/1.0.0.GA/validation-api-1.0.0.GA.jar:/Users/carlsamson/.m2/repository/javax/xml/bind/jaxb-api/2.1/jaxb-api-2.1.jar:/Users/carlsamson/.m2/repository/javax/xml/stream/stax-api/1.0-2/stax-api-1.0-2.jar:/Users/carlsamson/.m2/repository/jdom/jdom/1.0/jdom-1.0.jar:/Users/carlsamson/.m2/repository/jfree/jcommon/1.0.15/jcommon-1.0.15.jar:/Users/carlsamson/.m2/repository/jfree/jfreechart/1.0.12/jfreechart-1.0.12.jar:/Users/carlsamson/.m2/repository/jgroups/jgroups/2.6.13.GA/jgroups-2.6.13.GA.jar:/Users/carlsamson/.m2/repository/joda-time/joda-time/2.0/joda-time-2.0.jar:/Users/carlsamson/.m2/repository/junit/junit/4.8.2/junit-4.8.2.jar:/Users/carlsamson/.m2/repository/log4j/log4j/1.2.16/log4j-1.2.16.jar:/Users/carlsamson/.m2/repository/mysql/mysql-connector-java/5.1.31/mysql-connector-java-5.1.31.jar:/Users/carlsamson/.m2/repository/net/java/dev/rome/rome/1.0.0/rome-1.0.0.jar:/Users/carlsamson/.m2/repository/net/sf/ehcache/ehcache/1.5.0/ehcache-1.5.0.jar:/Users/carlsamson/.m2/repository/net/sf/jsr107cache/jsr107cache/1.0/jsr107cache-1.0.jar:/Users/carlsamson/.m2/repository/net/tanesha/recaptcha4j/recaptcha4j/0.0.7/recaptcha4j-0.0.7.jar:/Users/carlsamson/.m2/repository/org/apache/commons/commons-lang3/3.0/commons-lang3-3.0.jar:/Users/carlsamson/.m2/repository/org/apache/httpcomponents/httpclient/4.1.1/httpclient-4.1.1.jar:/Users/carlsamson/.m2/repository/org/apache/httpcomponents/httpcore/4.1/httpcore-4.1.jar:/Users/carlsamson/.m2/repository/org/apache/lucene/lucene-analyzers-common/4.3.1/lucene-analyzers-common-4.3.1.jar:/Users/carlsamson/.m2/repository/org/apache/lucene/lucene-codecs/4.3.1/lucene-codecs-4.3.1.jar:/Users/carlsamson/.m2/repository/org/apache/lucene/lucene-core/4.3.1/lucene-core-4.3.1.jar:/Users/carlsamson/.m2/repository/org/apache/lucene/lucene-grouping/4.3.1/lucene-grouping-4.3.1.jar:/Users/carlsamson/.m2/repository/org/apache/lucene/lucene-highlighter/4.3.1/lucene-highlighter-4.3.1.jar:/Users/carlsamson/.m2/repository/org/apache/lucene/lucene-join/4.3.1/lucene-join-4.3.1.jar:/Users/carlsamson/.m2/repository/org/apache/lucene/lucene-memory/4.3.1/lucene-memory-4.3.1.jar:/Users/carlsamson/.m2/repository/org/apache/lucene/lucene-queries/4.3.1/lucene-queries-4.3.1.jar:/Users/carlsamson/.m2/repository/org/apache/lucene/lucene-queryparser/4.3.1/lucene-queryparser-4.3.1.jar:/Users/carlsamson/.m2/repository/org/apache/lucene/lucene-sandbox/4.3.1/lucene-sandbox-4.3.1.jar:/Users/carlsamson/.m2/repository/org/apache/lucene/lucene-spatial/4.3.1/lucene-spatial-4.3.1.jar:/Users/carlsamson/.m2/repository/org/apache/lucene/lucene-suggest/4.3.1/lucene-suggest-4.3.1.jar:/Users/carlsamson/.m2/repository/org/apache/tiles/tiles-api/2.1.2/tiles-api-2.1.2.jar:/Users/carlsamson/.m2/repository/org/apache/tiles/tiles-core/2.1.2/tiles-core-2.1.2.jar:/Users/carlsamson/.m2/repository/org/apache/tiles/tiles-jsp/2.1.2/tiles-jsp-2.1.2.jar:/Users/carlsamson/.m2/repository/org/apache/tiles/tiles-servlet/2.1.2/tiles-servlet-2.1.2.jar:/Users/carlsamson/.m2/repository/org/aspectj/aspectjrt/1.6.10/aspectjrt-1.6.10.jar:/Users/carlsamson/.m2/repository/org/aspectj/aspectjweaver/1.5.4/aspectjweaver-1.5.4.jar:/Users/carlsamson/.m2/repository/org/bouncycastle/bcmail-jdk14/1.38/bcmail-jdk14-1.38.jar:/Users/carlsamson/.m2/repository/org/bouncycastle/bcprov-jdk14/1.38/bcprov-jdk14-1.38.jar:/Users/carlsamson/.m2/repository/org/bouncycastle/bctsp-jdk14/1.38/bctsp-jdk14-1.38.jar:/Users/carlsamson/.m2/repository/org/codehaus/jackson/jackson-core-asl/1.9.13/jackson-core-asl-1.9.13.jar:/Users/carlsamson/.m2/repository/org/codehaus/jackson/jackson-mapper-asl/1.9.13/jackson-mapper-asl-1.9.13.jar:/Users/carlsamson/.m2/repository/org/codehaus/woodstox/stax2-api/3.1.1/stax2-api-3.1.1.jar:/Users/carlsamson/.m2/repository/org/codehaus/woodstox/woodstox-core-asl/4.1.1/woodstox-core-asl-4.1.1.jar:/Users/carlsamson/.m2/repository/org/elasticsearch/elasticsearch/0.90.2/elasticsearch-0.90.2.jar:/Users/carlsamson/.m2/repository/org/freemarker/freemarker/2.3.19/freemarker-2.3.19.jar:/Users/carlsamson/.m2/repository/org/glassfish/web/jstl-impl/1.2/jstl-impl-1.2.jar:/Users/carlsamson/.m2/repository/org/hibernate/hibernate-core/4.1.2/hibernate-core-4.1.2.jar:/Users/carlsamson/.m2/repository/org/hibernate/hibernate-ehcache/3.5.1-Final/hibernate-ehcache-3.5.1-Final.jar:/Users/carlsamson/.m2/repository/org/hibernate/hibernate-entitymanager/4.1.2/hibernate-entitymanager-4.1.2.jar:/Users/carlsamson/.m2/repository/org/hibernate/hibernate-validator/4.1.0.Final/hibernate-validator-4.1.0.Final.jar:/Users/carlsamson/.m2/repository/org/hibernate/common/hibernate-commons-annotations/4.0.1.Final/hibernate-commons-annotations-4.0.1.Final.jar:/Users/carlsamson/.m2/repository/org/hibernate/javax/persistence/hibernate-jpa-2.0-api/1.0.1.Final/hibernate-jpa-2.0-api-1.0.1.Final.jar:/Users/carlsamson/.m2/repository/org/infinispan/infinispan-cachestore-bdbje/5.1.4.FINAL/infinispan-cachestore-bdbje-5.1.4.FINAL.jar:/Users/carlsamson/.m2/repository/org/infinispan/infinispan-cachestore-jdbc/5.1.4.FINAL/infinispan-cachestore-jdbc-5.1.4.FINAL.jar:/Users/carlsamson/.m2/repository/org/infinispan/infinispan-core/5.1.6.FINAL/infinispan-core-5.1.6.FINAL.jar:/Users/carlsamson/.m2/repository/org/infinispan/infinispan-tree/5.1.6.FINAL/infinispan-tree-5.1.6.FINAL.jar:/Users/carlsamson/.m2/repository/org/jadira/usertype/usertype.core/3.0.0.CR1/usertype.core-3.0.0.CR1.jar:/Users/carlsamson/.m2/repository/org/jadira/usertype/usertype.spi/3.0.0.CR1/usertype.spi-3.0.0.CR1.jar:/Users/carlsamson/.m2/repository/org/jboss/jboss-common-core/2.2.14.GA/jboss-common-core-2.2.14.GA.jar:/Users/carlsamson/.m2/repository/org/jboss/cache/jbosscache-core/3.2.5.GA/jbosscache-core-3.2.5.GA.jar:/Users/carlsamson/.m2/repository/org/jboss/javaee/jboss-transaction-api/1.0.1.GA/jboss-transaction-api-1.0.1.GA.jar:/Users/carlsamson/.m2/repository/org/jboss/logging/jboss-logging/3.1.0.GA/jboss-logging-3.1.0.GA.jar:/Users/carlsamson/.m2/repository/org/jboss/logging/jboss-logging-spi/2.0.5.GA/jboss-logging-spi-2.0.5.GA.jar:/Users/carlsamson/.m2/repository/org/jboss/marshalling/jboss-marshalling/1.3.11.GA/jboss-marshalling-1.3.11.GA.jar:/Users/carlsamson/.m2/repository/org/jboss/marshalling/jboss-marshalling-river/1.3.11.GA/jboss-marshalling-river-1.3.11.GA.jar:/Users/carlsamson/.m2/repository/org/jboss/spec/javax/transaction/jboss-transaction-api_1.1_spec/1.0.0.Final/jboss-transaction-api_1.1_spec-1.0.0.Final.jar:/Users/carlsamson/.m2/repository/org/jgroups/jgroups/3.0.11.Final/jgroups-3.0.11.Final.jar:/Users/carlsamson/.m2/repository/org/joda/joda-money/0.6/joda-money-0.6.jar:/Users/carlsamson/.m2/repository/org/jopendocument/jOpenDocument/1.3b1/jOpenDocument-1.3b1.jar:/Users/carlsamson/.m2/repository/org/rhq/helpers/rhq-pluginAnnotations/3.0.4/rhq-pluginAnnotations-3.0.4.jar:/Users/carlsamson/.m2/repository/org/slf4j/jcl-over-slf4j/1.6.6/jcl-over-slf4j-1.6.6.jar:/Users/carlsamson/.m2/repository/org/slf4j/slf4j-api/1.6.6/slf4j-api-1.6.6.jar:/Users/carlsamson/.m2/repository/org/slf4j/slf4j-log4j12/1.6.6/slf4j-log4j12-1.6.6.jar:/Users/carlsamson/.m2/repository/org/springframework/spring-aop/3.1.0.RELEASE/spring-aop-3.1.0.RELEASE.jar:/Users/carlsamson/.m2/repository/org/springframework/spring-asm/3.1.0.RELEASE/spring-asm-3.1.0.RELEASE.jar:/Users/carlsamson/.m2/repository/org/springframework/spring-aspects/3.1.0.RELEASE/spring-aspects-3.1.0.RELEASE.jar:/Users/carlsamson/.m2/repository/org/springframework/spring-beans/3.1.0.RELEASE/spring-beans-3.1.0.RELEASE.jar:/Users/carlsamson/.m2/repository/org/springframework/spring-context/3.1.0.RELEASE/spring-context-3.1.0.RELEASE.jar:/Users/carlsamson/.m2/repository/org/springframework/spring-context-support/3.1.0.RELEASE/spring-context-support-3.1.0.RELEASE.jar:/Users/carlsamson/.m2/repository/org/springframework/spring-core/3.1.0.RELEASE/spring-core-3.1.0.RELEASE.jar:/Users/carlsamson/.m2/repository/org/springframework/spring-expression/3.1.0.RELEASE/spring-expression-3.1.0.RELEASE.jar:/Users/carlsamson/.m2/repository/org/springframework/spring-jdbc/3.0.7.RELEASE/spring-jdbc-3.0.7.RELEASE.jar:/Users/carlsamson/.m2/repository/org/springframework/spring-orm/3.1.0.RELEASE/spring-orm-3.1.0.RELEASE.jar:/Users/carlsamson/.m2/repository/org/springframework/spring-test/3.1.0.RELEASE/spring-test-3.1.0.RELEASE.jar:/Users/carlsamson/.m2/repository/org/springframework/spring-tx/3.1.0.RELEASE/spring-tx-3.1.0.RELEASE.jar:/Users/carlsamson/.m2/repository/org/springframework/spring-web/3.1.0.RELEASE/spring-web-3.1.0.RELEASE.jar:/Users/carlsamson/.m2/repository/org/springframework/spring-webmvc/3.1.0.RELEASE/spring-webmvc-3.1.0.RELEASE.jar:/Users/carlsamson/.m2/repository/org/springframework/mobile/spring-mobile-device/1.1.0.RELEASE/spring-mobile-device-1.1.0.RELEASE.jar:/Users/carlsamson/.m2/repository/org/springframework/security/spring-security-acl/3.1.4.RELEASE/spring-security-acl-3.1.4.RELEASE.jar:/Users/carlsamson/.m2/repository/org/springframework/security/spring-security-config/3.1.4.RELEASE/spring-security-config-3.1.4.RELEASE.jar:/Users/carlsamson/.m2/repository/org/springframework/security/spring-security-core/3.1.4.RELEASE/spring-security-core-3.1.4.RELEASE.jar:/Users/carlsamson/.m2/repository/org/springframework/security/spring-security-taglibs/3.1.4.RELEASE/spring-security-taglibs-3.1.4.RELEASE.jar:/Users/carlsamson/.m2/repository/org/springframework/security/spring-security-web/3.1.4.RELEASE/spring-security-web-3.1.4.RELEASE.jar:/Users/carlsamson/.m2/repository/org/swinglabs/pdf-renderer/1.0.5/pdf-renderer-1.0.5.jar:/Users/carlsamson/.m2/repository/xml-apis/xml-apis/1.0.b2/xml-apis-1.0.b2.jar:/Users/carlsamson/Documents/dev/workspaces/shopizer-2.0.1a/shopizer/sm-shop/target/classes
-d
/Users/carlsamson/Documents/dev/workspaces/shopizer-2.0.1a/shopizer/sm-shop/target/classes
/Users/carlsamson/Documents/dev/workspaces/shopizer-2.0.1a/shopizer/sm-shop/src/main/java/com/salesmanager/web/entity/order/OrderProductEntity.java
/Users/carlsamson/Documents/dev/workspaces/shopizer-2.0.1a/shopizer/sm-shop/src/main/java/com/salesmanager/web/admin/controller/customers/CustomerOptionsSetController.java
/Users/carlsamson/Documents/dev/workspaces/shopizer-2.0.1a/shopizer/sm-shop/src/main/java/com/salesmanager/web/entity/catalog/product/ReadableProductList.java
/Users/carlsamson/Documents/dev/workspaces/shopizer-2.0.1a/shopizer/sm-shop/src/main/java/com/salesmanager/web/populator/catalog/PersistableCategoryPopulator.java
/Users/carlsamson/Documents/dev/workspaces/shopizer-2.0.1a/shopizer/sm-shop/src/main/java/com/salesmanager/web/populator/customer/ReadableCustomerPopulator.java
/Users/carlsamson/Documents/dev/workspaces/shopizer-2.0.1a/shopizer/sm-shop/src/main/java/com/salesmanager/web/entity/catalog/product/attribute/ProductOptionValue.java
/Users/carlsamson/Documents/dev/workspaces/shopizer-2.0.1a/shopizer/sm-shop/src/main/java/com/salesmanager/web/entity/catalog/product/attribute/ProductOptionValueEntity.java
/Users/carlsamson/Documents/dev/workspaces/shopizer-2.0.1a/shopizer/sm-shop/src/main/java/com/salesmanager/web/admin/entity/orders/Refund.java
/Users/carlsamson/Documents/dev/workspaces/shopizer-2.0.1a/shopizer/sm-shop/src/main/java/com/salesmanager/web/entity/Entity.java
/Users/carlsamson/Documents/dev/workspaces/shopizer-2.0.1a/shopizer/sm-shop/src/main/java/com/salesmanager/web/utils/EmailUtils.java
/Users/carlsamson/Documents/dev/workspaces/shopizer-2.0.1a/shopizer/sm-shop/src/main/java/com/salesmanager/web/entity/order/OrderEntity.java
/Users/carlsamson/Documents/dev/workspaces/shopizer-2.0.1a/shopizer/sm-shop/src/main/java/com/salesmanager/web/admin/entity/reference/Weight.java
/Users/carlsamson/Documents/dev/workspaces/shopizer-2.0.1a/shopizer/sm-shop/src/main/java/com/salesmanager/web/admin/controller/products/ProductKeywordsController.java
/Users/carlsamson/Documents/dev/workspaces/shopizer-2.0.1a/shopizer/sm-shop/src/main/java/com/salesmanager/web/populator/customer/CustomerDeliveryAddressPopulator.java
/Users/carlsamson/Documents/dev/workspaces/shopizer-2.0.1a/shopizer/sm-shop/src/main/java/com/salesmanager/web/shop/controller/search/SearchController.java
/Users/carlsamson/Documents/dev/workspaces/shopizer-2.0.1a/shopizer/sm-shop/src/main/java/com/salesmanager/web/entity/customer/AnonymousCustomer.java
/Users/carlsamson/Documents/dev/workspaces/shopizer-2.0.1a/shopizer/sm-shop/src/main/java/com/salesmanager/web/shop/controller/shoppingCart/facade/ShoppingCartFacadeImpl.java
/Users/carlsamson/Documents/dev/workspaces/shopizer-2.0.1a/shopizer/sm-shop/src/main/java/com/salesmanager/web/entity/customer/attribute/CustomerOption.java
/Users/carlsamson/Documents/dev/workspaces/shopizer-2.0.1a/shopizer/sm-shop/src/main/java/com/salesmanager/web/services/security/ServicesAuthenticationEntryPoint.java
/Users/carlsamson/Documents/dev/workspaces/shopizer-2.0.1a/shopizer/sm-shop/src/main/java/com/salesmanager/web/entity/catalog/product/attribute/ProductAttributeEntity.java
/Users/carlsamson/Documents/dev/workspaces/shopizer-2.0.1a/shopizer/sm-shop/src/main/java/com/salesmanager/web/entity/catalog/ReadableImage.java
/Users/carlsamson/Documents/dev/workspaces/shopizer-2.0.1a/shopizer/sm-shop/src/main/java/com/salesmanager/web/populator/customer/CustomerEntityPopulator.java
/Users/carlsamson/Documents/dev/workspaces/shopizer-2.0.1a/shopizer/sm-shop/src/main/java/com/salesmanager/web/utils/TokenizeTool.java
/Users/carlsamson/Documents/dev/workspaces/shopizer-2.0.1a/shopizer/sm-shop/src/main/java/com/salesmanager/web/admin/entity/customer/attribute/CustomerAttributes.java
/Users/carlsamson/Documents/dev/workspaces/shopizer-2.0.1a/shopizer/sm-shop/src/main/java/com/salesmanager/web/shop/controller/category/ShoppingCategoryController.java
/Users/carlsamson/Documents/dev/workspaces/shopizer-2.0.1a/shopizer/sm-shop/src/main/java/com/salesmanager/web/admin/entity/web/ConfigListWrapper.java
/Users/carlsamson/Documents/dev/workspaces/shopizer-2.0.1a/shopizer/sm-shop/src/main/java/com/salesmanager/web/populator/catalog/ReadableProductReviewPopulator.java
/Users/carlsamson/Documents/dev/workspaces/shopizer-2.0.1a/shopizer/sm-shop/src/main/java/com/salesmanager/web/admin/entity/customer/attribute/CustomerOption.java
/Users/carlsamson/Documents/dev/workspaces/shopizer-2.0.1a/shopizer/sm-shop/src/main/java/com/salesmanager/web/services/security/CustomerServicesImpl.java
/Users/carlsamson/Documents/dev/workspaces/shopizer-2.0.1a/shopizer/sm-shop/src/main/java/com/salesmanager/web/populator/manufacturer/ReadableManufacturerPopulator.java
/Users/carlsamson/Documents/dev/workspaces/shopizer-2.0.1a/shopizer/sm-shop/src/main/java/com/salesmanager/web/entity/catalog/category/CategoryEntity.java
/Users/carlsamson/Documents/dev/workspaces/shopizer-2.0.1a/shopizer/sm-shop/src/main/java/com/salesmanager/web/entity/shop/Breadcrumb.java
/Users/carlsamson/Documents/dev/workspaces/shopizer-2.0.1a/shopizer/sm-shop/src/main/java/com/salesmanager/web/services/controller/product/ShopProductRESTController.java
/Users/carlsamson/Documents/dev/workspaces/shopizer-2.0.1a/shopizer/sm-shop/src/main/java/com/salesmanager/web/entity/catalog/product/PersistableProduct.java
/Users/carlsamson/Documents/dev/workspaces/shopizer-2.0.1a/shopizer/sm-shop/src/main/java/com/salesmanager/web/utils/UserUtils.java
/Users/carlsamson/Documents/dev/workspaces/shopizer-2.0.1a/shopizer/sm-shop/src/main/java/com/salesmanager/web/shop/controller/store/ContactController.java
/Users/carlsamson/Documents/dev/workspaces/shopizer-2.0.1a/shopizer/sm-shop/src/main/java/com/salesmanager/web/admin/controller/user/GroupsController.java
/Users/carlsamson/Documents/dev/workspaces/shopizer-2.0.1a/shopizer/sm-shop/src/main/java/com/salesmanager/web/tags/OrderProductDownloadUrlTag.java
/Users/carlsamson/Documents/dev/workspaces/shopizer-2.0.1a/shopizer/sm-shop/src/main/java/com/salesmanager/web/admin/controller/customers/CustomerController.java
/Users/carlsamson/Documents/dev/workspaces/shopizer-2.0.1a/shopizer/sm-shop/src/main/java/com/salesmanager/web/admin/controller/ControllerConstants.java
/Users/carlsamson/Documents/dev/workspaces/shopizer-2.0.1a/shopizer/sm-shop/src/main/java/com/salesmanager/web/admin/controller/tax/TaxClassController.java
/Users/carlsamson/Documents/dev/workspaces/shopizer-2.0.1a/shopizer/sm-shop/src/main/java/com/salesmanager/web/admin/controller/orders/OrderActionsControler.java
/Users/carlsamson/Documents/dev/workspaces/shopizer-2.0.1a/shopizer/sm-shop/src/main/java/com/salesmanager/web/entity/shoppingcart/ShoppingCartItem.java
/Users/carlsamson/Documents/dev/workspaces/shopizer-2.0.1a/shopizer/sm-shop/src/main/java/com/salesmanager/web/shop/model/filter/QueryFilterType.java
/Users/carlsamson/Documents/dev/workspaces/shopizer-2.0.1a/shopizer/sm-shop/src/main/java/com/salesmanager/web/admin/entity/orders/Order.java
/Users/carlsamson/Documents/dev/workspaces/shopizer-2.0.1a/shopizer/sm-shop/src/main/java/com/salesmanager/web/tags/StoreLogoUrlTag.java
/Users/carlsamson/Documents/dev/workspaces/shopizer-2.0.1a/shopizer/sm-shop/src/main/java/com/salesmanager/web/entity/customer/ReadableCustomer.java
/Users/carlsamson/Documents/dev/workspaces/shopizer-2.0.1a/shopizer/sm-shop/src/main/java/com/salesmanager/web/populator/order/PersistableOrderPopulator.java
/Users/carlsamson/Documents/dev/workspaces/shopizer-2.0.1a/shopizer/sm-shop/src/main/java/com/salesmanager/web/admin/controller/payments/PaymentsController.java
/Users/carlsamson/Documents/dev/workspaces/shopizer-2.0.1a/shopizer/sm-shop/src/main/java/com/salesmanager/web/tags/ProductDescriptionUrlTag.java
/Users/carlsamson/Documents/dev/workspaces/shopizer-2.0.1a/shopizer/sm-shop/src/main/java/com/salesmanager/web/entity/catalog/product/Product.java
/Users/carlsamson/Documents/dev/workspaces/shopizer-2.0.1a/shopizer/sm-shop/src/main/java/com/salesmanager/web/populator/shoppingCart/ShoppingCartDataPopulator.java
/Users/carlsamson/Documents/dev/workspaces/shopizer-2.0.1a/shopizer/sm-shop/src/main/java/com/salesmanager/web/entity/catalog/CatalogEntity.java
/Users/carlsamson/Documents/dev/workspaces/shopizer-2.0.1a/shopizer/sm-shop/src/main/java/com/salesmanager/web/admin/controller/merchant/MerchantStoreController.java
/Users/carlsamson/Documents/dev/workspaces/shopizer-2.0.1a/shopizer/sm-shop/src/main/java/com/salesmanager/web/entity/order/ReadableOrderList.java
/Users/carlsamson/Documents/dev/workspaces/shopizer-2.0.1a/shopizer/sm-shop/src/main/java/com/salesmanager/web/entity/ShopEntity.java
/Users/carlsamson/Documents/dev/workspaces/shopizer-2.0.1a/shopizer/sm-shop/src/main/java/com/salesmanager/web/shop/controller/customer/facade/CustomerFacadeImpl.java
/Users/carlsamson/Documents/dev/workspaces/shopizer-2.0.1a/shopizer/sm-shop/src/main/java/com/salesmanager/web/admin/entity/web/Menu.java
/Users/carlsamson/Documents/dev/workspaces/shopizer-2.0.1a/shopizer/sm-shop/src/main/java/com/salesmanager/web/entity/ServiceEntity.java
/Users/carlsamson/Documents/dev/workspaces/shopizer-2.0.1a/shopizer/sm-shop/src/main/java/com/salesmanager/web/populator/order/ShoppingCartItemPopulator.java
/Users/carlsamson/Documents/dev/workspaces/shopizer-2.0.1a/shopizer/sm-shop/src/main/java/com/salesmanager/web/populator/customer/PersistableCustomerBillingAddressPopulator.java
/Users/carlsamson/Documents/dev/workspaces/shopizer-2.0.1a/shopizer/sm-shop/src/main/java/com/salesmanager/web/tags/AdminProductDownloadUrlTag.java
/Users/carlsamson/Documents/dev/workspaces/shopizer-2.0.1a/shopizer/sm-shop/src/main/java/com/salesmanager/web/entity/catalog/manufacturer/Manufacturer.java
/Users/carlsamson/Documents/dev/workspaces/shopizer-2.0.1a/shopizer/sm-shop/src/main/java/com/salesmanager/web/entity/order/ReadableOrderProductDownload.java
/Users/carlsamson/Documents/dev/workspaces/shopizer-2.0.1a/shopizer/sm-shop/src/main/java/com/salesmanager/web/entity/customer/attribute/CustomerAttributeEntity.java
/Users/carlsamson/Documents/dev/workspaces/shopizer-2.0.1a/shopizer/sm-shop/src/main/java/com/salesmanager/web/entity/catalog/manufacturer/ManufacturerEntity.java
/Users/carlsamson/Documents/dev/workspaces/shopizer-2.0.1a/shopizer/sm-shop/src/main/java/com/salesmanager/web/entity/customer/attribute/CustomerOptionDescription.java
/Users/carlsamson/Documents/dev/workspaces/shopizer-2.0.1a/shopizer/sm-shop/src/main/java/com/salesmanager/web/entity/customer/attribute/CustomerOptionValueEntity.java
/Users/carlsamson/Documents/dev/workspaces/shopizer-2.0.1a/shopizer/sm-shop/src/main/java/com/salesmanager/web/entity/customer/attribute/CustomerOptionEntity.java
/Users/carlsamson/Documents/dev/workspaces/shopizer-2.0.1a/shopizer/sm-shop/src/main/java/com/salesmanager/web/shop/controller/customer/CustomerDashboardController.java
/Users/carlsamson/Documents/dev/workspaces/shopizer-2.0.1a/shopizer/sm-shop/src/main/java/com/salesmanager/web/admin/entity/secutity/Password.java
/Users/carlsamson/Documents/dev/workspaces/shopizer-2.0.1a/shopizer/sm-shop/src/main/java/com/salesmanager/web/shop/controller/customer/CustomerOrdersController.java
/Users/carlsamson/Documents/dev/workspaces/shopizer-2.0.1a/shopizer/sm-shop/src/main/java/com/salesmanager/web/admin/security/WebUserServices.java
/Users/carlsamson/Documents/dev/workspaces/shopizer-2.0.1a/shopizer/sm-shop/src/main/java/com/salesmanager/web/entity/order/ReadableOrder.java
/Users/carlsamson/Documents/dev/workspaces/shopizer-2.0.1a/shopizer/sm-shop/src/main/java/com/salesmanager/web/entity/shop/BreadcrumbItemType.java
/Users/carlsamson/Documents/dev/workspaces/shopizer-2.0.1a/shopizer/sm-shop/src/main/java/com/salesmanager/web/populator/catalog/PersistableProductPopulator.java
/Users/carlsamson/Documents/dev/workspaces/shopizer-2.0.1a/shopizer/sm-shop/src/main/java/com/salesmanager/web/populator/order/ReadableOrderProductPopulator.java
/Users/carlsamson/Documents/dev/workspaces/shopizer-2.0.1a/shopizer/sm-shop/src/main/java/com/salesmanager/web/shop/controller/product/ShopProductController.java
/Users/carlsamson/Documents/dev/workspaces/shopizer-2.0.1a/shopizer/sm-shop/src/main/java/com/salesmanager/web/entity/catalog/product/ProductDescription.java
/Users/carlsamson/Documents/dev/workspaces/shopizer-2.0.1a/shopizer/sm-shop/src/main/java/com/salesmanager/web/entity/customer/CustomerPassword.java
/Users/carlsamson/Documents/dev/workspaces/shopizer-2.0.1a/shopizer/sm-shop/src/main/java/com/salesmanager/web/entity/catalog/product/ProductReviewEntity.java
/Users/carlsamson/Documents/dev/workspaces/shopizer-2.0.1a/shopizer/sm-shop/src/main/java/com/salesmanager/web/admin/security/UserAuthenticationSuccessHandler.java
/Users/carlsamson/Documents/dev/workspaces/shopizer-2.0.1a/shopizer/sm-shop/src/main/java/com/salesmanager/web/services/security/ServicesAuthenticationSuccessHandler.java
/Users/carlsamson/Documents/dev/workspaces/shopizer-2.0.1a/shopizer/sm-shop/src/main/java/com/salesmanager/web/entity/catalog/product/attribute/PersistableProductOption.java
/Users/carlsamson/Documents/dev/workspaces/shopizer-2.0.1a/shopizer/sm-shop/src/main/java/com/salesmanager/web/shop/model/catalog/AttributeValue.java
/Users/carlsamson/Documents/dev/workspaces/shopizer-2.0.1a/shopizer/sm-shop/src/main/java/com/salesmanager/web/entity/catalog/category/Category.java
/Users/carlsamson/Documents/dev/workspaces/shopizer-2.0.1a/shopizer/sm-shop/src/main/java/com/salesmanager/web/admin/entity/digital/ProductFiles.java
/Users/carlsamson/Documents/dev/workspaces/shopizer-2.0.1a/shopizer/sm-shop/src/main/java/com/salesmanager/web/shop/controller/content/ShopContentController.java
/Users/carlsamson/Documents/dev/workspaces/shopizer-2.0.1a/shopizer/sm-shop/src/main/java/com/salesmanager/web/entity/shoppingcart/ShoppingCartData.java
/Users/carlsamson/Documents/dev/workspaces/shopizer-2.0.1a/shopizer/sm-shop/src/main/java/com/salesmanager/web/entity/order/ReadableOrderProduct.java
/Users/carlsamson/Documents/dev/workspaces/shopizer-2.0.1a/shopizer/sm-shop/src/main/java/com/salesmanager/web/populator/catalog/PersistableProductOptionPopulator.java
/Users/carlsamson/Documents/dev/workspaces/shopizer-2.0.1a/shopizer/sm-shop/src/main/java/com/salesmanager/web/entity/catalog/product/PersistableProductReview.java
/Users/carlsamson/Documents/dev/workspaces/shopizer-2.0.1a/shopizer/sm-shop/src/main/java/com/salesmanager/web/admin/entity/reference/Size.java
/Users/carlsamson/Documents/dev/workspaces/shopizer-2.0.1a/shopizer/sm-shop/src/main/java/com/salesmanager/web/entity/catalog/product/PersistableImage.java
/Users/carlsamson/Documents/dev/workspaces/shopizer-2.0.1a/shopizer/sm-shop/src/main/java/com/salesmanager/web/admin/controller/products/ProductPriceController.java
/Users/carlsamson/Documents/dev/workspaces/shopizer-2.0.1a/shopizer/sm-shop/src/main/java/com/salesmanager/web/services/controller/order/OrderRESTController.java
/Users/carlsamson/Documents/dev/workspaces/shopizer-2.0.1a/shopizer/sm-shop/src/main/java/com/salesmanager/web/entity/catalog/product/ReadableProductPrice.java
/Users/carlsamson/Documents/dev/workspaces/shopizer-2.0.1a/shopizer/sm-shop/src/main/java/com/salesmanager/web/admin/entity/merchant/StoreLandingDescription.java
/Users/carlsamson/Documents/dev/workspaces/shopizer-2.0.1a/shopizer/sm-shop/src/main/java/com/salesmanager/web/populator/catalog/PersistableProductOptionValuePopulator.java
/Users/carlsamson/Documents/dev/workspaces/shopizer-2.0.1a/shopizer/sm-shop/src/main/java/com/salesmanager/web/entity/catalog/product/attribute/PersistableProductAttribute.java
/Users/carlsamson/Documents/dev/workspaces/shopizer-2.0.1a/shopizer/sm-shop/src/main/java/com/salesmanager/web/admin/entity/customer/attribute/CustomerOptionValue.java
/Users/carlsamson/Documents/dev/workspaces/shopizer-2.0.1a/shopizer/sm-shop/src/main/java/com/salesmanager/web/admin/controller/products/ProductsController.java
/Users/carlsamson/Documents/dev/workspaces/shopizer-2.0.1a/shopizer/sm-shop/src/main/java/com/salesmanager/web/populator/catalog/ReadableProductPricePopulator.java
/Users/carlsamson/Documents/dev/workspaces/shopizer-2.0.1a/shopizer/sm-shop/src/main/java/com/salesmanager/web/entity/customer/SecuredShopPersistableCustomer.java
/Users/carlsamson/Documents/dev/workspaces/shopizer-2.0.1a/shopizer/sm-shop/src/main/java/com/salesmanager/web/shop/controller/AbstractController.java
/Users/carlsamson/Documents/dev/workspaces/shopizer-2.0.1a/shopizer/sm-shop/src/main/java/com/salesmanager/web/init/data/InitStoreData.java
/Users/carlsamson/Documents/dev/workspaces/shopizer-2.0.1a/shopizer/sm-shop/src/main/java/com/salesmanager/web/admin/entity/catalog/Product.java
/Users/carlsamson/Documents/dev/workspaces/shopizer-2.0.1a/shopizer/sm-shop/src/main/java/com/salesmanager/web/entity/customer/attribute/PersistableCustomerOptionValue.java
/Users/carlsamson/Documents/dev/workspaces/shopizer-2.0.1a/shopizer/sm-shop/src/main/java/com/salesmanager/web/admin/controller/orders/OrdersController.java
/Users/carlsamson/Documents/dev/workspaces/shopizer-2.0.1a/shopizer/sm-shop/src/main/java/com/salesmanager/web/tags/ProductImageUrlTag.java
/Users/carlsamson/Documents/dev/workspaces/shopizer-2.0.1a/shopizer/sm-shop/src/main/java/com/salesmanager/web/admin/controller/shipping/CustomShippingMethodsController.java
/Users/carlsamson/Documents/dev/workspaces/shopizer-2.0.1a/shopizer/sm-shop/src/main/java/com/salesmanager/web/admin/controller/user/LoginController.java
/Users/carlsamson/Documents/dev/workspaces/shopizer-2.0.1a/shopizer/sm-shop/src/main/java/com/salesmanager/web/populator/order/ReadableShippingSummaryPopulator.java
/Users/carlsamson/Documents/dev/workspaces/shopizer-2.0.1a/shopizer/sm-shop/src/main/java/com/salesmanager/web/entity/customer/attribute/PersistableCustomerOption.java
/Users/carlsamson/Documents/dev/workspaces/shopizer-2.0.1a/shopizer/sm-shop/src/main/java/com/salesmanager/web/tags/StoreBreadcrumbsTag.java
/Users/carlsamson/Documents/dev/workspaces/shopizer-2.0.1a/shopizer/sm-shop/src/main/java/com/salesmanager/web/utils/BeanUtils.java
/Users/carlsamson/Documents/dev/workspaces/shopizer-2.0.1a/shopizer/sm-shop/src/main/java/com/salesmanager/web/entity/customer/attribute/CustomerOptionValueDescription.java
/Users/carlsamson/Documents/dev/workspaces/shopizer-2.0.1a/shopizer/sm-shop/src/main/java/com/salesmanager/web/utils/LanguageUtils.java
/Users/carlsamson/Documents/dev/workspaces/shopizer-2.0.1a/shopizer/sm-shop/src/main/java/com/salesmanager/web/admin/entity/catalog/ProductPrice.java
/Users/carlsamson/Documents/dev/workspaces/shopizer-2.0.1a/shopizer/sm-shop/src/main/java/com/salesmanager/web/admin/controller/shipping/ShippingMethodsController.java
/Users/carlsamson/Documents/dev/workspaces/shopizer-2.0.1a/shopizer/sm-shop/src/main/java/com/salesmanager/web/entity/catalog/product/ProductEntity.java
/Users/carlsamson/Documents/dev/workspaces/shopizer-2.0.1a/shopizer/sm-shop/src/main/java/com/salesmanager/web/init/data/InitData.java
/Users/carlsamson/Documents/dev/workspaces/shopizer-2.0.1a/shopizer/sm-shop/src/main/java/com/salesmanager/web/services/controller/category/ShoppingCategoryRESTController.java
/Users/carlsamson/Documents/dev/workspaces/shopizer-2.0.1a/shopizer/sm-shop/src/main/java/com/salesmanager/web/admin/controller/orders/OrderControler.java
/Users/carlsamson/Documents/dev/workspaces/shopizer-2.0.1a/shopizer/sm-shop/src/main/java/com/salesmanager/web/entity/customer/SecuredCustomer.java
/Users/carlsamson/Documents/dev/workspaces/shopizer-2.0.1a/shopizer/sm-shop/src/main/java/com/salesmanager/web/entity/catalog/product/ReadableProductReview.java
/Users/carlsamson/Documents/dev/workspaces/shopizer-2.0.1a/shopizer/sm-shop/src/main/java/com/salesmanager/web/populator/order/ReadableOrderTotalPopulator.java
/Users/carlsamson/Documents/dev/workspaces/shopizer-2.0.1a/shopizer/sm-shop/src/main/java/com/salesmanager/web/services/controller/customer/CustomerRESTController.java
/Users/carlsamson/Documents/dev/workspaces/shopizer-2.0.1a/shopizer/sm-shop/src/main/java/com/salesmanager/web/entity/order/ReadableOrderTotal.java
/Users/carlsamson/Documents/dev/workspaces/shopizer-2.0.1a/shopizer/sm-shop/src/main/java/com/salesmanager/web/admin/controller/products/ProductReviewController.java
/Users/carlsamson/Documents/dev/workspaces/shopizer-2.0.1a/shopizer/sm-shop/src/main/java/com/salesmanager/web/utils/GeoLocationUtils.java
/Users/carlsamson/Documents/dev/workspaces/shopizer-2.0.1a/shopizer/sm-shop/src/main/java/com/salesmanager/web/shop/controller/order/ShoppingOrderConfirmationController.java
/Users/carlsamson/Documents/dev/workspaces/shopizer-2.0.1a/shopizer/sm-shop/src/main/java/com/salesmanager/web/shop/controller/customer/CustomerRegistrationController.java
/Users/carlsamson/Documents/dev/workspaces/shopizer-2.0.1a/shopizer/sm-shop/src/main/java/com/salesmanager/web/admin/entity/content/ContentFiles.java
/Users/carlsamson/Documents/dev/workspaces/shopizer-2.0.1a/shopizer/sm-shop/src/main/java/com/salesmanager/web/admin/controller/shipping/ShippingOptionsController.java
/Users/carlsamson/Documents/dev/workspaces/shopizer-2.0.1a/shopizer/sm-shop/src/main/java/com/salesmanager/web/populator/customer/PersistableCustomerOptionValuePopulator.java
/Users/carlsamson/Documents/dev/workspaces/shopizer-2.0.1a/shopizer/sm-shop/src/main/java/com/salesmanager/web/entity/catalog/product/attribute/PersistableProductOptionValue.java
/Users/carlsamson/Documents/dev/workspaces/shopizer-2.0.1a/shopizer/sm-shop/src/main/java/com/salesmanager/web/admin/controller/products/ProductController.java
/Users/carlsamson/Documents/dev/workspaces/shopizer-2.0.1a/shopizer/sm-shop/src/main/java/com/salesmanager/web/utils/FilePathUtils.java
/Users/carlsamson/Documents/dev/workspaces/shopizer-2.0.1a/shopizer/sm-shop/src/main/java/com/salesmanager/web/admin/entity/content/ProductImages.java
/Users/carlsamson/Documents/dev/workspaces/shopizer-2.0.1a/shopizer/sm-shop/src/main/java/com/salesmanager/web/tags/PageContentTag.java
/Users/carlsamson/Documents/dev/workspaces/shopizer-2.0.1a/shopizer/sm-shop/src/main/java/com/salesmanager/web/shop/controller/order/facade/OrderFacade.java
/Users/carlsamson/Documents/dev/workspaces/shopizer-2.0.1a/shopizer/sm-shop/src/main/java/com/salesmanager/web/utils/BreadcrumbsUtils.java
/Users/carlsamson/Documents/dev/workspaces/shopizer-2.0.1a/shopizer/sm-shop/src/main/java/com/salesmanager/web/shop/controller/LandingController.java
/Users/carlsamson/Documents/dev/workspaces/shopizer-2.0.1a/shopizer/sm-shop/src/main/java/com/salesmanager/web/utils/ImageFilePathUtils.java
/Users/carlsamson/Documents/dev/workspaces/shopizer-2.0.1a/shopizer/sm-shop/src/main/java/com/salesmanager/web/populator/customer/PersistableCustomerOptionPopulator.java
/Users/carlsamson/Documents/dev/workspaces/shopizer-2.0.1a/shopizer/sm-shop/src/main/java/com/salesmanager/web/constants/Constants.java
/Users/carlsamson/Documents/dev/workspaces/shopizer-2.0.1a/shopizer/sm-shop/src/main/java/com/salesmanager/web/utils/MerchantUtils.java
/Users/carlsamson/Documents/dev/workspaces/shopizer-2.0.1a/shopizer/sm-shop/src/main/java/com/salesmanager/web/shop/controller/customer/facade/CustomerFacade.java
/Users/carlsamson/Documents/dev/workspaces/shopizer-2.0.1a/shopizer/sm-shop/src/main/java/com/salesmanager/web/entity/catalog/manufacturer/ReadableManufacturer.java
/Users/carlsamson/Documents/dev/workspaces/shopizer-2.0.1a/shopizer/sm-shop/src/main/java/com/salesmanager/web/admin/security/UserServicesImpl.java
/Users/carlsamson/Documents/dev/workspaces/shopizer-2.0.1a/shopizer/sm-shop/src/main/java/com/salesmanager/web/entity/order/ReadableShippingSummary.java
/Users/carlsamson/Documents/dev/workspaces/shopizer-2.0.1a/shopizer/sm-shop/src/main/java/com/salesmanager/web/tags/ManufacturerImageUrlTag.java
/Users/carlsamson/Documents/dev/workspaces/shopizer-2.0.1a/shopizer/sm-shop/src/main/java/com/salesmanager/web/admin/entity/merchant/StoreLanding.java
/Users/carlsamson/Documents/dev/workspaces/shopizer-2.0.1a/shopizer/sm-shop/src/main/java/com/salesmanager/web/entity/catalog/category/PersistableCategory.java
/Users/carlsamson/Documents/dev/workspaces/shopizer-2.0.1a/shopizer/sm-shop/src/main/java/com/salesmanager/web/shop/controller/shoppingCart/MiniCartController.java
/Users/carlsamson/Documents/dev/workspaces/shopizer-2.0.1a/shopizer/sm-shop/src/main/java/com/salesmanager/web/entity/catalog/SearchProductList.java
/Users/carlsamson/Documents/dev/workspaces/shopizer-2.0.1a/shopizer/sm-shop/src/main/java/com/salesmanager/web/admin/controller/content/ContentPagesController.java
/Users/carlsamson/Documents/dev/workspaces/shopizer-2.0.1a/shopizer/sm-shop/src/main/java/com/salesmanager/web/admin/controller/products/ProductAttributeController.java
/Users/carlsamson/Documents/dev/workspaces/shopizer-2.0.1a/shopizer/sm-shop/src/main/java/com/salesmanager/web/admin/controller/user/UserController.java
/Users/carlsamson/Documents/dev/workspaces/shopizer-2.0.1a/shopizer/sm-shop/src/main/java/com/salesmanager/web/entity/customer/attribute/ReadableCustomerAttribute.java
/Users/carlsamson/Documents/dev/workspaces/shopizer-2.0.1a/shopizer/sm-shop/src/main/java/com/salesmanager/web/tags/ContentImageUrlTag.java
/Users/carlsamson/Documents/dev/workspaces/shopizer-2.0.1a/shopizer/sm-shop/src/main/java/com/salesmanager/web/populator/order/ReadableOrderProductDownloadPopulator.java
/Users/carlsamson/Documents/dev/workspaces/shopizer-2.0.1a/shopizer/sm-shop/src/main/java/com/salesmanager/web/entity/catalog/manufacturer/PersistableManufacturer.java
/Users/carlsamson/Documents/dev/workspaces/shopizer-2.0.1a/shopizer/sm-shop/src/main/java/com/salesmanager/web/constants/EmailConstants.java
/Users/carlsamson/Documents/dev/workspaces/shopizer-2.0.1a/shopizer/sm-shop/src/main/java/com/salesmanager/web/admin/controller/content/ContentBoxesController.java
/Users/carlsamson/Documents/dev/workspaces/shopizer-2.0.1a/shopizer/sm-shop/src/main/java/com/salesmanager/web/entity/order/OrderTotal.java
/Users/carlsamson/Documents/dev/workspaces/shopizer-2.0.1a/shopizer/sm-shop/src/main/java/com/salesmanager/web/admin/entity/catalog/Manufacturer.java
/Users/carlsamson/Documents/dev/workspaces/shopizer-2.0.1a/shopizer/sm-shop/src/main/java/com/salesmanager/web/shop/controller/order/ShoppingOrderDownloadController.java
/Users/carlsamson/Documents/dev/workspaces/shopizer-2.0.1a/shopizer/sm-shop/src/main/java/com/salesmanager/web/populator/catalog/PersistableProductReviewPopulator.java
/Users/carlsamson/Documents/dev/workspaces/shopizer-2.0.1a/shopizer/sm-shop/src/main/java/com/salesmanager/web/admin/controller/products/CustomProductGroupsController.java
/Users/carlsamson/Documents/dev/workspaces/shopizer-2.0.1a/shopizer/sm-shop/src/main/java/com/salesmanager/web/entity/order/ReadableShopOrder.java
/Users/carlsamson/Documents/dev/workspaces/shopizer-2.0.1a/shopizer/sm-shop/src/main/java/com/salesmanager/web/populator/customer/PersistableCustomerPopulator.java
/Users/carlsamson/Documents/dev/workspaces/shopizer-2.0.1a/shopizer/sm-shop/src/main/java/com/salesmanager/web/admin/security/SecurityQuestion.java
/Users/carlsamson/Documents/dev/workspaces/shopizer-2.0.1a/shopizer/sm-shop/src/main/java/com/salesmanager/web/entity/customer/attribute/ReadableCustomerOption.java
/Users/carlsamson/Documents/dev/workspaces/shopizer-2.0.1a/shopizer/sm-shop/src/main/java/com/salesmanager/web/admin/controller/products/OptionsValueController.java
/Users/carlsamson/Documents/dev/workspaces/shopizer-2.0.1a/shopizer/sm-shop/src/main/java/com/salesmanager/web/utils/PageBuilderUtils.java
/Users/carlsamson/Documents/dev/workspaces/shopizer-2.0.1a/shopizer/sm-shop/src/main/java/com/salesmanager/web/admin/controller/products/DigitalProductController.java
/Users/carlsamson/Documents/dev/workspaces/shopizer-2.0.1a/shopizer/sm-shop/src/main/java/com/salesmanager/web/utils/SessionUtil.java
/Users/carlsamson/Documents/dev/workspaces/shopizer-2.0.1a/shopizer/sm-shop/src/main/java/com/salesmanager/web/admin/controller/shipping/ShippingPackagingController.java
/Users/carlsamson/Documents/dev/workspaces/shopizer-2.0.1a/shopizer/sm-shop/src/main/java/com/salesmanager/web/populator/order/ReadableOrderPopulator.java
/Users/carlsamson/Documents/dev/workspaces/shopizer-2.0.1a/shopizer/sm-shop/src/main/java/com/salesmanager/web/init/data/InitializationLoader.java
/Users/carlsamson/Documents/dev/workspaces/shopizer-2.0.1a/shopizer/sm-shop/src/main/java/com/salesmanager/web/entity/catalog/ProductList.java
/Users/carlsamson/Documents/dev/workspaces/shopizer-2.0.1a/shopizer/sm-shop/src/main/java/com/salesmanager/web/services/controller/store/StoreContactRESTController.java
/Users/carlsamson/Documents/dev/workspaces/shopizer-2.0.1a/shopizer/sm-shop/src/main/java/com/salesmanager/web/populator/manufacturer/PersistableManufacturerPopulator.java
/Users/carlsamson/Documents/dev/workspaces/shopizer-2.0.1a/shopizer/sm-shop/src/main/java/com/salesmanager/web/admin/controller/products/ProductImagesController.java
/Users/carlsamson/Documents/dev/workspaces/shopizer-2.0.1a/shopizer/sm-shop/src/main/java/com/salesmanager/web/shop/controller/order/ShoppingOrderPaymentController.java
/Users/carlsamson/Documents/dev/workspaces/shopizer-2.0.1a/shopizer/sm-shop/src/main/java/com/salesmanager/web/admin/controller/products/FeaturedItemsController.java
/Users/carlsamson/Documents/dev/workspaces/shopizer-2.0.1a/shopizer/sm-shop/src/main/java/com/salesmanager/web/utils/FieldMatch.java
/Users/carlsamson/Documents/dev/workspaces/shopizer-2.0.1a/shopizer/sm-shop/src/main/java/com/salesmanager/web/utils/AppConfiguration.java
/Users/carlsamson/Documents/dev/workspaces/shopizer-2.0.1a/shopizer/sm-shop/src/main/java/com/salesmanager/web/entity/catalog/product/ReadableProduct.java
/Users/carlsamson/Documents/dev/workspaces/shopizer-2.0.1a/shopizer/sm-shop/src/main/java/com/salesmanager/web/tags/ActiveLinkTag.java
/Users/carlsamson/Documents/dev/workspaces/shopizer-2.0.1a/shopizer/sm-shop/src/main/java/com/salesmanager/web/entity/catalog/category/CategoryDescription.java
/Users/carlsamson/Documents/dev/workspaces/shopizer-2.0.1a/shopizer/sm-shop/src/main/java/com/salesmanager/web/admin/controller/content/StaticContentController.java
/Users/carlsamson/Documents/dev/workspaces/shopizer-2.0.1a/shopizer/sm-shop/src/main/java/com/salesmanager/web/entity/customer/PersistableCustomer.java
/Users/carlsamson/Documents/dev/workspaces/shopizer-2.0.1a/shopizer/sm-shop/src/main/java/com/salesmanager/web/filter/AdminFilter.java
/Users/carlsamson/Documents/dev/workspaces/shopizer-2.0.1a/shopizer/sm-shop/src/main/java/com/salesmanager/web/tags/ShopProductPriceFormatTag.java
/Users/carlsamson/Documents/dev/workspaces/shopizer-2.0.1a/shopizer/sm-shop/src/main/java/com/salesmanager/web/admin/controller/customers/CustomerOptionsController.java
/Users/carlsamson/Documents/dev/workspaces/shopizer-2.0.1a/shopizer/sm-shop/src/main/java/com/salesmanager/web/reference/ReferenceController.java
/Users/carlsamson/Documents/dev/workspaces/shopizer-2.0.1a/shopizer/sm-shop/src/main/java/com/salesmanager/web/populator/catalog/ReadableCategoryPopulator.java
/Users/carlsamson/Documents/dev/workspaces/shopizer-2.0.1a/shopizer/sm-shop/src/main/java/com/salesmanager/web/populator/customer/PersistableCustomerShippingAddressPopulator.java
/Users/carlsamson/Documents/dev/workspaces/shopizer-2.0.1a/shopizer/sm-shop/src/main/java/com/salesmanager/web/admin/controller/products/RelatedItemsController.java
/Users/carlsamson/Documents/dev/workspaces/shopizer-2.0.1a/shopizer/sm-shop/src/main/java/com/salesmanager/web/entity/catalog/category/ReadableCategory.java
/Users/carlsamson/Documents/dev/workspaces/shopizer-2.0.1a/shopizer/sm-shop/src/main/java/com/salesmanager/web/entity/catalog/product/attribute/ProductOptionDescription.java
/Users/carlsamson/Documents/dev/workspaces/shopizer-2.0.1a/shopizer/sm-shop/src/main/java/com/salesmanager/web/entity/order/Order.java
/Users/carlsamson/Documents/dev/workspaces/shopizer-2.0.1a/shopizer/sm-shop/src/main/java/com/salesmanager/web/entity/order/OrderProduct.java
/Users/carlsamson/Documents/dev/workspaces/shopizer-2.0.1a/shopizer/sm-shop/src/main/java/com/salesmanager/web/shop/controller/customer/CustomerAccountController.java
/Users/carlsamson/Documents/dev/workspaces/shopizer-2.0.1a/shopizer/sm-shop/src/main/java/com/salesmanager/web/entity/catalog/manufacturer/ManufacturerDescription.java
/Users/carlsamson/Documents/dev/workspaces/shopizer-2.0.1a/shopizer/sm-shop/src/main/java/com/salesmanager/web/entity/order/ReadableOrderProductAttribute.java
/Users/carlsamson/Documents/dev/workspaces/shopizer-2.0.1a/shopizer/sm-shop/src/main/java/com/salesmanager/web/shop/model/paging/PaginationData.java
/Users/carlsamson/Documents/dev/workspaces/shopizer-2.0.1a/shopizer/sm-shop/src/main/java/com/salesmanager/web/entity/customer/Customer.java
/Users/carlsamson/Documents/dev/workspaces/shopizer-2.0.1a/shopizer/sm-shop/src/main/java/com/salesmanager/web/tags/ShopProductRelationshipTag.java
/Users/carlsamson/Documents/dev/workspaces/shopizer-2.0.1a/shopizer/sm-shop/src/main/java/com/salesmanager/web/admin/controller/shipping/ShippingConfigsController.java
/Users/carlsamson/Documents/dev/workspaces/shopizer-2.0.1a/shopizer/sm-shop/src/main/java/com/salesmanager/web/populator/customer/CustomerPopulator.java
/Users/carlsamson/Documents/dev/workspaces/shopizer-2.0.1a/shopizer/sm-shop/src/main/java/com/salesmanager/web/entity/catalog/product/RelatedProduct.java
/Users/carlsamson/Documents/dev/workspaces/shopizer-2.0.1a/shopizer/sm-shop/src/main/java/com/salesmanager/web/images/ImagesController.java
/Users/carlsamson/Documents/dev/workspaces/shopizer-2.0.1a/shopizer/sm-shop/src/main/java/com/salesmanager/web/shop/controller/customer/CustomerLoginController.java
/Users/carlsamson/Documents/dev/workspaces/shopizer-2.0.1a/shopizer/sm-shop/src/main/java/com/salesmanager/web/tags/ShopProductImageUrlTag.java
/Users/carlsamson/Documents/dev/workspaces/shopizer-2.0.1a/shopizer/sm-shop/src/main/java/com/salesmanager/web/admin/controller/products/ManufacturerController.java
/Users/carlsamson/Documents/dev/workspaces/shopizer-2.0.1a/shopizer/sm-shop/src/main/java/com/salesmanager/web/entity/customer/Address.java
/Users/carlsamson/Documents/dev/workspaces/shopizer-2.0.1a/shopizer/sm-shop/src/main/java/com/salesmanager/web/files/FilesController.java
/Users/carlsamson/Documents/dev/workspaces/shopizer-2.0.1a/shopizer/sm-shop/src/main/java/com/salesmanager/web/populator/customer/CustomerBillingAddressPopulator.java
/Users/carlsamson/Documents/dev/workspaces/shopizer-2.0.1a/shopizer/sm-shop/src/main/java/com/salesmanager/web/entity/shop/ContactForm.java
/Users/carlsamson/Documents/dev/workspaces/shopizer-2.0.1a/shopizer/sm-shop/src/main/java/com/salesmanager/web/shop/controller/customer/CustomerProductReviewController.java
/Users/carlsamson/Documents/dev/workspaces/shopizer-2.0.1a/shopizer/sm-shop/src/main/java/com/salesmanager/web/shop/controller/shoppingCart/facade/ShoppingCartFacade.java
/Users/carlsamson/Documents/dev/workspaces/shopizer-2.0.1a/shopizer/sm-shop/src/main/java/com/salesmanager/web/populator/order/PersistableOrderProductPopulator.java
/Users/carlsamson/Documents/dev/workspaces/shopizer-2.0.1a/shopizer/sm-shop/src/main/java/com/salesmanager/web/entity/customer/CustomerEntity.java
/Users/carlsamson/Documents/dev/workspaces/shopizer-2.0.1a/shopizer/sm-shop/src/main/java/com/salesmanager/web/shop/model/filter/QueryFilter.java
/Users/carlsamson/Documents/dev/workspaces/shopizer-2.0.1a/shopizer/sm-shop/src/main/java/com/salesmanager/web/entity/customer/attribute/PersistableCustomerAttribute.java
/Users/carlsamson/Documents/dev/workspaces/shopizer-2.0.1a/shopizer/sm-shop/src/main/java/com/salesmanager/web/entity/customer/attribute/ReadableCustomerOptionValue.java
/Users/carlsamson/Documents/dev/workspaces/shopizer-2.0.1a/shopizer/sm-shop/src/main/java/com/salesmanager/web/populator/order/ReadableShopOrderPopulator.java
/Users/carlsamson/Documents/dev/workspaces/shopizer-2.0.1a/shopizer/sm-shop/src/main/java/com/salesmanager/web/admin/controller/configurations/CacheController.java
/Users/carlsamson/Documents/dev/workspaces/shopizer-2.0.1a/shopizer/sm-shop/src/main/java/com/salesmanager/web/entity/shop/BreadcrumbItem.java
/Users/carlsamson/Documents/dev/workspaces/shopizer-2.0.1a/shopizer/sm-shop/src/main/java/com/salesmanager/web/shop/controller/shoppingCart/ShoppingCartController.java
/Users/carlsamson/Documents/dev/workspaces/shopizer-2.0.1a/shopizer/sm-shop/src/main/java/com/salesmanager/web/admin/controller/configurations/ConfigurationController.java
/Users/carlsamson/Documents/dev/workspaces/shopizer-2.0.1a/shopizer/sm-shop/src/main/java/com/salesmanager/web/admin/controller/merchant/StoreLandingController.java
/Users/carlsamson/Documents/dev/workspaces/shopizer-2.0.1a/shopizer/sm-shop/src/main/java/com/salesmanager/web/admin/controller/products/OptionsController.java
/Users/carlsamson/Documents/dev/workspaces/shopizer-2.0.1a/shopizer/sm-shop/src/main/java/com/salesmanager/web/utils/LocaleUtils.java
/Users/carlsamson/Documents/dev/workspaces/shopizer-2.0.1a/shopizer/sm-shop/src/main/java/com/salesmanager/web/admin/security/SecurityDataAccessException.java
/Users/carlsamson/Documents/dev/workspaces/shopizer-2.0.1a/shopizer/sm-shop/src/main/java/com/salesmanager/web/entity/customer/attribute/CustomerOptionValue.java
/Users/carlsamson/Documents/dev/workspaces/shopizer-2.0.1a/shopizer/sm-shop/src/main/java/com/salesmanager/web/populator/catalog/ReadableProductPopulator.java
/Users/carlsamson/Documents/dev/workspaces/shopizer-2.0.1a/shopizer/sm-shop/src/main/java/com/salesmanager/web/utils/LabelUtils.java
/Users/carlsamson/Documents/dev/workspaces/shopizer-2.0.1a/shopizer/sm-shop/src/main/java/com/salesmanager/web/admin/controller/merchant/StoreBrandingController.java
/Users/carlsamson/Documents/dev/workspaces/shopizer-2.0.1a/shopizer/sm-shop/src/main/java/com/salesmanager/web/entity/order/CartModificationException.java
/Users/carlsamson/Documents/dev/workspaces/shopizer-2.0.1a/shopizer/sm-shop/src/main/java/com/salesmanager/web/admin/controller/user/PermissionController.java
/Users/carlsamson/Documents/dev/workspaces/shopizer-2.0.1a/shopizer/sm-shop/src/main/java/com/salesmanager/web/entity/shoppingcart/ShoppingCartAttribute.java
/Users/carlsamson/Documents/dev/workspaces/shopizer-2.0.1a/shopizer/sm-shop/src/main/java/com/salesmanager/web/shop/model/search/AutoCompleteRequest.java
/Users/carlsamson/Documents/dev/workspaces/shopizer-2.0.1a/shopizer/sm-shop/src/main/java/com/salesmanager/web/entity/order/ShopOrder.java
/Users/carlsamson/Documents/dev/workspaces/shopizer-2.0.1a/shopizer/sm-shop/src/main/java/com/salesmanager/web/shop/model/catalog/Attribute.java
/Users/carlsamson/Documents/dev/workspaces/shopizer-2.0.1a/shopizer/sm-shop/src/main/java/com/salesmanager/web/utils/DateUtil.java
/Users/carlsamson/Documents/dev/workspaces/shopizer-2.0.1a/shopizer/sm-shop/src/main/java/com/salesmanager/web/populator/order/OrderProductPopulator.java
/Users/carlsamson/Documents/dev/workspaces/shopizer-2.0.1a/shopizer/sm-shop/src/main/java/com/salesmanager/web/admin/entity/userpassword/UserReset.java
/Users/carlsamson/Documents/dev/workspaces/shopizer-2.0.1a/shopizer/sm-shop/src/main/java/com/salesmanager/web/entity/catalog/product/attribute/ProductAttribute.java
/Users/carlsamson/Documents/dev/workspaces/shopizer-2.0.1a/shopizer/sm-shop/src/main/java/com/salesmanager/web/admin/controller/tax/TaxRatesController.java
/Users/carlsamson/Documents/dev/workspaces/shopizer-2.0.1a/shopizer/sm-shop/src/main/java/com/salesmanager/web/filter/StoreFilter.java
/Users/carlsamson/Documents/dev/workspaces/shopizer-2.0.1a/shopizer/sm-shop/src/main/java/com/salesmanager/web/admin/controller/configurations/SystemConfigurationController.java
/Users/carlsamson/Documents/dev/workspaces/shopizer-2.0.1a/shopizer/sm-shop/src/main/java/com/salesmanager/web/admin/entity/catalog/Keyword.java
/Users/carlsamson/Documents/dev/workspaces/shopizer-2.0.1a/shopizer/sm-shop/src/main/java/com/salesmanager/web/entity/customer/attribute/CustomerAttribute.java
/Users/carlsamson/Documents/dev/workspaces/shopizer-2.0.1a/shopizer/sm-shop/src/main/java/com/salesmanager/web/entity/order/PersistableOrderProduct.java
/Users/carlsamson/Documents/dev/workspaces/shopizer-2.0.1a/shopizer/sm-shop/src/main/java/com/salesmanager/web/utils/FieldMatchValidator.java
/Users/carlsamson/Documents/dev/workspaces/shopizer-2.0.1a/shopizer/sm-shop/src/main/java/com/salesmanager/web/entity/catalog/product/attribute/ProductOption.java
/Users/carlsamson/Documents/dev/workspaces/shopizer-2.0.1a/shopizer/sm-shop/src/main/java/com/salesmanager/web/shop/controller/order/facade/OrderFacadeImpl.java
/Users/carlsamson/Documents/dev/workspaces/shopizer-2.0.1a/shopizer/sm-shop/src/main/java/com/salesmanager/web/entity/order/PersistableOrder.java
/Users/carlsamson/Documents/dev/workspaces/shopizer-2.0.1a/shopizer/sm-shop/src/main/java/com/salesmanager/web/entity/catalog/product/attribute/ReadableProductAttribute.java
/Users/carlsamson/Documents/dev/workspaces/shopizer-2.0.1a/shopizer/sm-shop/src/main/java/com/salesmanager/web/tags/StoreFooterlTag.java
/Users/carlsamson/Documents/dev/workspaces/shopizer-2.0.1a/shopizer/sm-shop/src/main/java/com/salesmanager/web/admin/controller/user/SecurityController.java
/Users/carlsamson/Documents/dev/workspaces/shopizer-2.0.1a/shopizer/sm-shop/src/main/java/com/salesmanager/web/constants/ApplicationConstants.java
/Users/carlsamson/Documents/dev/workspaces/shopizer-2.0.1a/shopizer/sm-shop/src/main/java/com/salesmanager/web/populator/shoppingCart/ShoppingCartModelPopulator.java
/Users/carlsamson/Documents/dev/workspaces/shopizer-2.0.1a/shopizer/sm-shop/src/main/java/com/salesmanager/web/entity/catalog/product/attribute/ProductOptionValueDescription.java
/Users/carlsamson/Documents/dev/workspaces/shopizer-2.0.1a/shopizer/sm-shop/src/main/java/com/salesmanager/web/utils/AdminAccessDeniedHandler.java
/Users/carlsamson/Documents/dev/workspaces/shopizer-2.0.1a/shopizer/sm-shop/src/main/java/com/salesmanager/web/admin/controller/AdminController.java
/Users/carlsamson/Documents/dev/workspaces/shopizer-2.0.1a/shopizer/sm-shop/src/main/java/com/salesmanager/web/admin/controller/tax/TaxConfigurationController.java
/Users/carlsamson/Documents/dev/workspaces/shopizer-2.0.1a/shopizer/sm-shop/src/main/java/com/salesmanager/web/admin/controller/categories/CategoryController.java
/Users/carlsamson/Documents/dev/workspaces/shopizer-2.0.1a/shopizer/sm-shop/src/main/java/com/salesmanager/web/populator/customer/CustomerOptionPopulator.java
/Users/carlsamson/Documents/dev/workspaces/shopizer-2.0.1a/shopizer/sm-shop/src/main/java/com/salesmanager/web/entity/catalog/product/attribute/ProductOptionEntity.java
/Users/carlsamson/Documents/dev/workspaces/shopizer-2.0.1a/shopizer/sm-shop/src/main/java/com/salesmanager/web/entity/shop/PageInformation.java
/Users/carlsamson/Documents/dev/workspaces/shopizer-2.0.1a/shopizer/sm-shop/src/main/java/com/salesmanager/web/utils/EmailTemplatesUtils.java
/Users/carlsamson/Documents/dev/workspaces/shopizer-2.0.1a/shopizer/sm-shop/src/main/java/com/salesmanager/web/admin/controller/content/ContentImageController.java
/Users/carlsamson/Documents/dev/workspaces/shopizer-2.0.1a/shopizer/sm-shop/src/main/java/com/salesmanager/web/shop/controller/order/ShoppingOrderController.java
/Users/carlsamson/Documents/dev/workspaces/shopizer-2.0.1a/shopizer/sm-shop/src/main/java/com/salesmanager/web/shop/controller/ControllerConstants.java
/Users/carlsamson/Documents/dev/workspaces/shopizer-2.0.1a/shopizer/sm-shop/src/main/java/com/salesmanager/web/admin/controller/customers/CustomerOptionsValueController.java
